#
# A fatal error has been detected by the Java Runtime Environment:
#
#  SIGSEGV (0xb) at pc=0x00007fbc92005020, pid=4672, tid=0x00007fbcb5faf700
#
# JRE version: OpenJDK Runtime Environment (8.0_191-b12) (build 1.8.0_191-8u191-b12-2ubuntu0.18.10.1-b12)
# Java VM: OpenJDK 64-Bit Server VM (25.191-b12 mixed mode linux-amd64 compressed oops)
# Problematic frame:
# C  0x00007fbc92005020
#
# Failed to write core dump. Core dumps have been disabled. To enable core dumping, try "ulimit -c unlimited" before starting Java again
#
# If you would like to submit a bug report, please visit:
#   http://bugreport.java.com/bugreport/crash.jsp
#

---------------  T H R E A D  ---------------

Current thread (0x00007fbc90021000):  JavaThread "Thread-4" [_thread_in_Java, id=4717, stack(0x00007fbcb5eaf000,0x00007fbcb5fb0000)]

siginfo: si_signo: 11 (SIGSEGV), si_code: 2 (SEGV_ACCERR), si_addr: 0x00007fbc92005020

Registers:
RAX=0x00000001000e3a80, RBX=0x00007fbc8fbd32d8, RCX=0x00000000c043eb88, RDX=0x00000000c1310ec0
RSP=0x00007fbcb5fad248, RBP=0x00007fbcb5fad6e0, RSI=0x00000000c01eb060, RDI=0x00000001000e3a80
R8 =0x00000000c00eef48, R9 =0x0000000000000019, R10=0x00000001000e3a80, R11=0x0000000000000000
R12=0x0000000000000000, R13=0x00007fbcb5fad688, R14=0x0000000000000000, R15=0x00007fbc90021000
RIP=0x00007fbc92005020, EFLAGS=0x0000000000010246, CSGSFS=0x002b000000000033, ERR=0x0000000000000014
  TRAPNO=0x000000000000000e

Top of Stack: (sp=0x00007fbcb5fad248)
0x00007fbcb5fad248:   00007fbcd15a6a24 00007fbcb5fad2d0
0x00007fbcb5fad258:   7bc0c5b0378ed100 00007fbc900219f8
0x00007fbcb5fad268:   00007fbc90021000 00007fbcb5fad2e0
0x00007fbcb5fad278:   00007fbc900211e0 0000000000000000
0x00007fbcb5fad288:   00007fbc90021000 00007fbcb5fad2d0
0x00007fbcb5fad298:   00007fbce4da0509 00007fbc90021000
0x00007fbcb5fad2a8:   7bc0c5b0378ed100 0000000000000128
0x00007fbcb5fad2b8:   0000000000000000 00007fbcb5fad628
0x00007fbcb5fad2c8:   0000000000000000 00007fbcb5fad320
0x00007fbcb5fad2d8:   00007fbcd160fc26 00000000c043eb88
0x00007fbcb5fad2e8:   00007fbcd178449c 00000000c1310ec0
0x00007fbcb5fad2f8:   00007fbcb5fad320 00000000c043eb88
0x00007fbcb5fad308:   00007fbce53b15f8 00007fbc94000e90
0x00007fbcb5fad318:   0000000000000000 00007fbcb5fad6e0
0x00007fbcb5fad328:   00007fbcd1dcd9ec ffffffffffffffff
0x00007fbcb5fad338:   00007fbccdef5940 00007fbcb5fad490
0x00007fbcb5fad348:   00007fbce4e678ae 00000000fc2bfee8
0x00007fbcb5fad358:   00007fbcd1c8a5fc 00000000fc2bfd70
0x00007fbcb5fad368:   00000001000b0950 00000000c02e2e98
0x00007fbcb5fad378:   00000000fc2bff00 00000000c02e2e98
0x00007fbcb5fad388:   0000000000000000 00000000c076a7d0
0x00007fbcb5fad398:   00000000fc2bfc90 0000000000000000
0x00007fbcb5fad3a8:   00007fbcd1257964 00000000c0aa3c48
0x00007fbcb5fad3b8:   0000000000000002 00007fbcb5fad698
0x00007fbcb5fad3c8:   00007fbcd1a6b824 00007fbcb5fad3f0
0x00007fbcb5fad3d8:   00007fbce4d91989 00007fbc8f1c0cc8
0x00007fbcb5fad3e8:   0000000000000000 00000000fc2c16d0
0x00007fbcb5fad3f8:   00007fbcd151e50c 000000000000001b
0x00007fbcb5fad408:   00000000c000a248 00000000c043eb68
0x00007fbcb5fad418:   00000000c1310ec0 00000000fc2c18e0
0x00007fbcb5fad428:   00000000fc2c18f8 00000000c00eef48
0x00007fbcb5fad438:   00007fbcd1e71110 00007fbcb5fad698 

Instructions: (pc=0x00007fbc92005020)
0x00007fbc92005000:   
[error occurred during error reporting (printing registers, top of stack, instructions near pc), id 0xb]

Register to memory mapping:

RAX=0x00000001000e3a80 is pointing into metadata
RBX=0x00007fbc8fbd32d8 is pointing into metadata
RCX=0x00000000c043eb88 is an oop
java.util.concurrent.ConcurrentHashMap 
 - klass: 'java/util/concurrent/ConcurrentHashMap'
RDX=0x00000000c1310ec0 is an oop
java.lang.String 
 - klass: 'java/lang/String'
RSP=0x00007fbcb5fad248 is pointing into the stack for thread: 0x00007fbc90021000
RBP=0x00007fbcb5fad6e0 is pointing into the stack for thread: 0x00007fbc90021000
RSI=0x00000000c01eb060 is an oop
scala.collection.immutable.HashMap$HashTrieMap 
 - klass: 'scala/collection/immutable/HashMap$HashTrieMap'
RDI=0x00000001000e3a80 is pointing into metadata
R8 =0x00000000c00eef48 is an oop
scala.None$ 
 - klass: 'scala/None$'
R9 =0x0000000000000019 is an unknown value
R10=0x00000001000e3a80 is pointing into metadata
R11=0x0000000000000000 is an unknown value
R12=0x0000000000000000 is an unknown value
R13=0x00007fbcb5fad688 is pointing into the stack for thread: 0x00007fbc90021000
R14=0x0000000000000000 is an unknown value
R15=0x00007fbc90021000 is a thread


Stack: [0x00007fbcb5eaf000,0x00007fbcb5fb0000],  sp=0x00007fbcb5fad248,  free space=1016k
Native frames: (J=compiled Java code, j=interpreted, Vv=VM code, C=native code)
C  0x00007fbc92005020
j  org.apache.spark.util.Utils$.truncatedString$default$5()I+1
j  org.apache.spark.util.Utils$.truncatedString(Lscala/collection/Seq;Ljava/lang/String;)Ljava/lang/String;+10
j  org.apache.spark.sql.execution.QueryExecution.org$apache$spark$sql$execution$QueryExecution$$output$1()Ljava/lang/String;+35
j  org.apache.spark.sql.execution.QueryExecution$$anonfun$3.apply()Ljava/lang/String;+4
j  org.apache.spark.sql.execution.QueryExecution$$anonfun$3.apply()Ljava/lang/Object;+1
j  org.apache.spark.sql.execution.QueryExecution.stringOrError(Lscala/Function0;)Ljava/lang/String;+1
j  org.apache.spark.sql.execution.QueryExecution.toString()Ljava/lang/String;+22
j  org.apache.spark.sql.execution.SQLExecution$$anonfun$withNewExecutionId$1.apply()Ljava/lang/Object;+33
j  org.apache.spark.sql.execution.SQLExecution$.withSQLConfPropagated(Lorg/apache/spark/sql/SparkSession;Lscala/Function0;)Ljava/lang/Object;+44
j  org.apache.spark.sql.execution.SQLExecution$.withNewExecutionId(Lorg/apache/spark/sql/SparkSession;Lorg/apache/spark/sql/execution/QueryExecution;Lscala/Function0;)Ljava/lang/Object;+78
j  org.apache.spark.sql.Dataset.withAction(Ljava/lang/String;Lorg/apache/spark/sql/execution/QueryExecution;Lscala/Function1;)Ljava/lang/Object;+38
j  org.apache.spark.sql.Dataset.head(I)Ljava/lang/Object;+20
j  org.apache.spark.sql.Dataset.take(I)Ljava/lang/Object;+2
j  org.apache.spark.sql.Dataset.getRows(II)Lscala/collection/Seq;+45
j  org.apache.spark.sql.Dataset.showString(IIZ)Ljava/lang/String;+35
v  ~StubRoutines::call_stub
V  [libjvm.so+0x63cb3f]
V  [libjvm.so+0x8f9b36]
V  [libjvm.so+0x8fabd5]
V  [libjvm.so+0x689dfb]  JVM_InvokeMethod+0x11b
J 5693  sun.reflect.NativeMethodAccessorImpl.invoke0(Ljava/lang/reflect/Method;Ljava/lang/Object;[Ljava/lang/Object;)Ljava/lang/Object; (0 bytes) @ 0x00007fbcd15acded [0x00007fbcd15acd00+0xed]
J 4980 C1 sun.reflect.NativeMethodAccessorImpl.invoke(Ljava/lang/Object;[Ljava/lang/Object;)Ljava/lang/Object; (104 bytes) @ 0x00007fbcd1d0050c [0x00007fbcd1cff380+0x118c]
J 10057 C2 java.lang.reflect.Method.invoke(Ljava/lang/Object;[Ljava/lang/Object;)Ljava/lang/Object; (62 bytes) @ 0x00007fbcd27690c0 [0x00007fbcd2769040+0x80]
j  py4j.reflection.MethodInvoker.invoke(Ljava/lang/Object;[Ljava/lang/Object;)Ljava/lang/Object;+91
J 10392 C1 py4j.Gateway.invoke(Ljava/lang/String;Ljava/lang/String;Ljava/util/List;)Lpy4j/ReturnObject; (210 bytes) @ 0x00007fbcd281ad44 [0x00007fbcd2819740+0x1604]
J 10391 C1 py4j.commands.AbstractCommand.invokeMethod(Ljava/lang/String;Ljava/lang/String;Ljava/util/List;)Lpy4j/ReturnObject; (61 bytes) @ 0x00007fbcd28151cc [0x00007fbcd2815120+0xac]
J 10390 C1 py4j.commands.CallCommand.execute(Ljava/lang/String;Ljava/io/BufferedReader;Ljava/io/BufferedWriter;)V (76 bytes) @ 0x00007fbcd28115a4 [0x00007fbcd28112a0+0x304]
j  py4j.GatewayConnection.run()V+126
j  java.lang.Thread.run()V+11
v  ~StubRoutines::call_stub
V  [libjvm.so+0x63cb3f]
V  [libjvm.so+0x63a33f]
V  [libjvm.so+0x63a8f3]
V  [libjvm.so+0x67e41b]
V  [libjvm.so+0x9c4e9c]
V  [libjvm.so+0x9c5302]
V  [libjvm.so+0x87abd2]
C  [libpthread.so.0+0x8164]  start_thread+0xe4


---------------  P R O C E S S  ---------------

Java Threads: ( => current thread )
  0x00005623d96f2800 JavaThread "task-result-getter-3" daemon [_thread_blocked, id=6643, stack(0x00007fbc8a50f000,0x00007fbc8a610000)]
  0x00007fbc94d96800 JavaThread "task-result-getter-2" daemon [_thread_blocked, id=6642, stack(0x00007fbc8a610000,0x00007fbc8a711000)]
  0x00005623d96e5000 JavaThread "task-result-getter-1" daemon [_thread_blocked, id=6139, stack(0x00007fbc8be24000,0x00007fbc8bf25000)]
  0x00007fbc956b1800 JavaThread "task-result-getter-0" daemon [_thread_blocked, id=5821, stack(0x00007fbc8c7e5000,0x00007fbc8c8e6000)]
  0x00007fbc945db800 JavaThread "org.apache.hadoop.fs.FileSystem$Statistics$StatisticsDataReferenceCleaner" daemon [_thread_blocked, id=4962, stack(0x00007fbc8e5f4000,0x00007fbc8e6f5000)]
  0x00007fbc94b71000 JavaThread "spark-listener-group-streams" daemon [_thread_blocked, id=4782, stack(0x00007fbc8eaf5000,0x00007fbc8ebf6000)]
  0x00007fbcc802b800 JavaThread "element-tracking-store-worker" daemon [_thread_blocked, id=4770, stack(0x00007fbc8f1f6000,0x00007fbc8f2f7000)]
  0x00007fbc947e8000 JavaThread "spark-listener-group-executorManagement" daemon [_thread_blocked, id=4769, stack(0x00007fbc8f2f7000,0x00007fbc8f3f8000)]
  0x00007fbc947e6000 JavaThread "spark-listener-group-appStatus" daemon [_thread_blocked, id=4768, stack(0x00007fbc8f3f8000,0x00007fbc8f4f9000)]
  0x00007fbc947e3000 JavaThread "context-cleaner-periodic-gc" daemon [_thread_blocked, id=4767, stack(0x00007fbc8f4f9000,0x00007fbc8f5fa000)]
  0x00007fbc947e1800 JavaThread "Spark Context Cleaner" daemon [_thread_blocked, id=4766, stack(0x00007fbc8f5fa000,0x00007fbc8f6fb000)]
  0x00007fbc94638800 JavaThread "shuffle-server-5-1" daemon [_thread_in_native, id=4758, stack(0x00007fbc8f8fb000,0x00007fbc8f9fc000)]
  0x00007fbc945e0800 JavaThread "driver-heartbeater" daemon [_thread_blocked, id=4757, stack(0x00007fbc8f9fc000,0x00007fbc8fafd000)]
  0x00007fbc94527800 JavaThread "dag-scheduler-event-loop" daemon [_thread_blocked, id=4756, stack(0x00007fbc8fcfd000,0x00007fbc8fdfe000)]
  0x00007fbca4006000 JavaThread "netty-rpc-env-timeout" daemon [_thread_blocked, id=4753, stack(0x00007fbc8fdfe000,0x00007fbc8feff000)]
  0x00007fbc94501000 JavaThread "Timer-0" daemon [_thread_blocked, id=4752, stack(0x00007fbc8feff000,0x00007fbc90000000)]
  0x00007fbc944fd800 JavaThread "heartbeat-receiver-event-loop-thread" daemon [_thread_blocked, id=4751, stack(0x00007fbcb4081000,0x00007fbcb4182000)]
  0x00007fbc944c2000 JavaThread "SparkUI-36" daemon [_thread_blocked, id=4750, stack(0x00007fbcb4182000,0x00007fbcb4283000)]
  0x00007fbc944c0800 JavaThread "SparkUI-35" daemon [_thread_blocked, id=4749, stack(0x00007fbcb4283000,0x00007fbcb4384000)]
  0x00007fbc944be800 JavaThread "SparkUI-34" daemon [_thread_blocked, id=4748, stack(0x00007fbcb4384000,0x00007fbcb4485000)]
  0x00007fbc944bd000 JavaThread "SparkUI-33" daemon [_thread_blocked, id=4747, stack(0x00007fbcb4485000,0x00007fbcb4586000)]
  0x00007fbc944bb000 JavaThread "SparkUI-32" daemon [_thread_blocked, id=4746, stack(0x00007fbcb4586000,0x00007fbcb4687000)]
  0x00007fbc944b9800 JavaThread "SparkUI-31-acceptor-0@2824886b-ServerConnector@26e3631f{HTTP/1.1,[http/1.1]}{0.0.0.0:4040}" daemon [_thread_in_native, id=4745, stack(0x00007fbcb4687000,0x00007fbcb4788000)]
  0x00007fbc944b8000 JavaThread "SparkUI-30" daemon [_thread_blocked, id=4744, stack(0x00007fbcb4788000,0x00007fbcb4889000)]
  0x00007fbc944b2800 JavaThread "SparkUI-29" daemon [_thread_in_native, id=4743, stack(0x00007fbcb4889000,0x00007fbcb498a000)]
  0x00007fbc943ee000 JavaThread "refresh progress" daemon [_thread_blocked, id=4741, stack(0x00007fbcb4b8a000,0x00007fbcb4c8b000)]
  0x00007fbc943df000 JavaThread "RemoteBlock-temp-file-clean-thread" daemon [_thread_blocked, id=4740, stack(0x00007fbcb4c8b000,0x00007fbcb4d8c000)]
  0x00007fbc9438f800 JavaThread "map-output-dispatcher-7" daemon [_thread_blocked, id=4736, stack(0x00007fbcb4d8c000,0x00007fbcb4e8d000)]
  0x00007fbc9438d800 JavaThread "map-output-dispatcher-6" daemon [_thread_blocked, id=4735, stack(0x00007fbcb4e8d000,0x00007fbcb4f8e000)]
  0x00007fbc9438c000 JavaThread "map-output-dispatcher-5" daemon [_thread_blocked, id=4734, stack(0x00007fbcb4f8e000,0x00007fbcb508f000)]
  0x00007fbc9438a800 JavaThread "map-output-dispatcher-4" daemon [_thread_blocked, id=4733, stack(0x00007fbcb508f000,0x00007fbcb5190000)]
  0x00007fbc94388800 JavaThread "map-output-dispatcher-3" daemon [_thread_blocked, id=4732, stack(0x00007fbcb5190000,0x00007fbcb5291000)]
  0x00007fbc94387800 JavaThread "map-output-dispatcher-2" daemon [_thread_blocked, id=4731, stack(0x00007fbcb5291000,0x00007fbcb5392000)]
  0x00007fbc94384000 JavaThread "map-output-dispatcher-1" daemon [_thread_blocked, id=4730, stack(0x00007fbcb5392000,0x00007fbcb5493000)]
  0x00007fbc94381000 JavaThread "map-output-dispatcher-0" daemon [_thread_blocked, id=4729, stack(0x00007fbcb5493000,0x00007fbcb5594000)]
  0x00007fbc94352800 JavaThread "rpc-server-3-1" daemon [_thread_in_native, id=4728, stack(0x00007fbcb5594000,0x00007fbcb5695000)]
  0x00007fbc94253800 JavaThread "dispatcher-event-loop-1" daemon [_thread_blocked, id=4721, stack(0x00007fbcb5a95000,0x00007fbcb5b96000)]
  0x00007fbc94252800 JavaThread "dispatcher-event-loop-0" daemon [_thread_blocked, id=4720, stack(0x00007fbcb5b96000,0x00007fbcb5c97000)]
=>0x00007fbc90021000 JavaThread "Thread-4" [_thread_in_Java, id=4717, stack(0x00007fbcb5eaf000,0x00007fbcb5fb0000)]
  0x00007fbce11a3800 JavaThread "Thread-3" [_thread_in_native, id=4716, stack(0x00007fbcb5fc4000,0x00007fbcb60c5000)]
  0x00007fbce1196000 JavaThread "pool-1-thread-1" [_thread_blocked, id=4715, stack(0x00007fbcb62ee000,0x00007fbcb63ef000)]
  0x00007fbce00be800 JavaThread "Service Thread" daemon [_thread_blocked, id=4695, stack(0x00007fbcb7cfd000,0x00007fbcb7dfe000)]
  0x00007fbce00bc000 JavaThread "C1 CompilerThread1" daemon [_thread_blocked, id=4694, stack(0x00007fbcb7dff000,0x00007fbcb7eff000)]
  0x00007fbce00b9000 JavaThread "C2 CompilerThread0" daemon [_thread_in_native, id=4693, stack(0x00007fbcb7f00000,0x00007fbcb8000000)]
  0x00007fbce00b7800 JavaThread "Signal Dispatcher" daemon [_thread_blocked, id=4692, stack(0x00007fbccc0d0000,0x00007fbccc1d1000)]
  0x00007fbce0085000 JavaThread "Finalizer" daemon [_thread_blocked, id=4691, stack(0x00007fbcccfac000,0x00007fbccd0ad000)]
  0x00007fbce0082800 JavaThread "Reference Handler" daemon [_thread_blocked, id=4690, stack(0x00007fbccd0ad000,0x00007fbccd1ae000)]
  0x00007fbce000f800 JavaThread "main" [_thread_in_native, id=4686, stack(0x00007fbce42df000,0x00007fbce43df000)]

Other Threads:
  0x00007fbce0078800 VMThread [stack: 0x00007fbccd1af000,0x00007fbccd2af000] [id=4689]
  0x00007fbce00c1000 WatcherThread [stack: 0x00007fbcb7bfd000,0x00007fbcb7cfd000] [id=4696]

VM state:not at safepoint (normal execution)

VM Mutex/Monitor currently owned by a thread: None

Heap:
 PSYoungGen      total 318976K, used 306135K [0x00000000eab00000, 0x0000000100000000, 0x0000000100000000)
  eden space 291840K, 98% used [0x00000000eab00000,0x00000000fc3f2c08,0x00000000fc800000)
  from space 27136K, 67% used [0x00000000fe580000,0x00000000ff7830d8,0x0000000100000000)
  to   space 28672K, 0% used [0x00000000fc800000,0x00000000fc800000,0x00000000fe400000)
 ParOldGen       total 95744K, used 34639K [0x00000000c0000000, 0x00000000c5d80000, 0x00000000eab00000)
  object space 95744K, 36% used [0x00000000c0000000,0x00000000c21d3d20,0x00000000c5d80000)
 Metaspace       used 83742K, capacity 84776K, committed 85012K, reserved 1122304K
  class space    used 11774K, capacity 11974K, committed 12052K, reserved 1048576K

Card table byte_map: [0x00007fbce4071000,0x00007fbce4272000] byte_map_base: 0x00007fbce3a71000

Marking Bits: (ParMarkBitMap*) 0x00007fbce53b5340
 Begin Bits: [0x00007fbcce8e8000, 0x00007fbccf8e8000)
 End Bits:   [0x00007fbccf8e8000, 0x00007fbcd08e8000)

Polling page: 0x00007fbce580a000

CodeCache: size=245760Kb used=28006Kb max_used=28006Kb free=217753Kb
 bounds [0x00007fbcd1000000, 0x00007fbcd2b90000, 0x00007fbce0000000]
 total_blobs=10869 nmethods=10219 adapters=559
 compilation: enabled

Compilation events (10 events):
Event: 1799,710 Thread 0x00007fbce00bc000 11864       3       org.apache.spark.sql.execution.WholeStageCodegenExec$::org$apache$spark$sql$execution$WholeStageCodegenExec$$numOfNestedFields (165 bytes)
Event: 1799,714 Thread 0x00007fbce00bc000 nmethod 11864 0x00007fbcd2b7b190 code [0x00007fbcd2b7b5c0, 0x00007fbcd2b7e058]
Event: 1799,715 Thread 0x00007fbce00bc000 11865       3       org.apache.spark.sql.types.StructField::<init> (30 bytes)
Event: 1799,716 Thread 0x00007fbce00bc000 nmethod 11865 0x00007fbcd2b558d0 code [0x00007fbcd2b55a40, 0x00007fbcd2b55c90]
Event: 1799,717 Thread 0x00007fbce00bc000 11866       3       org.apache.spark.SparkContext::cleaner (5 bytes)
Event: 1799,718 Thread 0x00007fbce00bc000 nmethod 11866 0x00007fbcd2b7fad0 code [0x00007fbcd2b7fc40, 0x00007fbcd2b7fdb0]
Event: 1799,719 Thread 0x00007fbce00bc000 11867       3       org.apache.spark.ContextCleaner::registerForCleanup (24 bytes)
Event: 1799,720 Thread 0x00007fbce00bc000 nmethod 11867 0x00007fbcd2b7fe50 code [0x00007fbcd2b80000, 0x00007fbcd2b804e8]
Event: 1799,720 Thread 0x00007fbce00bc000 11868       3       org.apache.spark.CleanupTaskWeakReference::<init> (12 bytes)
Event: 1799,720 Thread 0x00007fbce00bc000 nmethod 11868 0x00007fbcd2b80710 code [0x00007fbcd2b80880, 0x00007fbcd2b80b90]

GC Heap History (10 events):
Event: 1119,094 GC heap before
{Heap before GC invocations=29 (full 4):
 PSYoungGen      total 254976K, used 248976K [0x00000000eab00000, 0x00000000fc880000, 0x0000000100000000)
  eden space 231936K, 100% used [0x00000000eab00000,0x00000000f8d80000,0x00000000f8d80000)
  from space 23040K, 73% used [0x00000000fa580000,0x00000000fb624360,0x00000000fbc00000)
  to   space 24576K, 0% used [0x00000000f8d80000,0x00000000f8d80000,0x00000000fa580000)
 ParOldGen       total 91648K, used 54838K [0x00000000c0000000, 0x00000000c5980000, 0x00000000eab00000)
  object space 91648K, 59% used [0x00000000c0000000,0x00000000c358da28,0x00000000c5980000)
 Metaspace       used 82188K, capacity 83170K, committed 83476K, reserved 1120256K
  class space    used 11731K, capacity 11937K, committed 12052K, reserved 1048576K
Event: 1119,152 GC heap after
Heap after GC invocations=29 (full 4):
 PSYoungGen      total 256512K, used 1572K [0x00000000eab00000, 0x00000000fed80000, 0x0000000100000000)
  eden space 231936K, 0% used [0x00000000eab00000,0x00000000eab00000,0x00000000f8d80000)
  from space 24576K, 6% used [0x00000000f8d80000,0x00000000f8f090b0,0x00000000fa580000)
  to   space 24576K, 0% used [0x00000000fd580000,0x00000000fd580000,0x00000000fed80000)
 ParOldGen       total 91648K, used 87838K [0x00000000c0000000, 0x00000000c5980000, 0x00000000eab00000)
  object space 91648K, 95% used [0x00000000c0000000,0x00000000c55c7a68,0x00000000c5980000)
 Metaspace       used 82188K, capacity 83170K, committed 83476K, reserved 1120256K
  class space    used 11731K, capacity 11937K, committed 12052K, reserved 1048576K
}
Event: 1119,152 GC heap before
{Heap before GC invocations=30 (full 5):
 PSYoungGen      total 256512K, used 1572K [0x00000000eab00000, 0x00000000fed80000, 0x0000000100000000)
  eden space 231936K, 0% used [0x00000000eab00000,0x00000000eab00000,0x00000000f8d80000)
  from space 24576K, 6% used [0x00000000f8d80000,0x00000000f8f090b0,0x00000000fa580000)
  to   space 24576K, 0% used [0x00000000fd580000,0x00000000fd580000,0x00000000fed80000)
 ParOldGen       total 91648K, used 87838K [0x00000000c0000000, 0x00000000c5980000, 0x00000000eab00000)
  object space 91648K, 95% used [0x00000000c0000000,0x00000000c55c7a68,0x00000000c5980000)
 Metaspace       used 82188K, capacity 83170K, committed 83476K, reserved 1120256K
  class space    used 11731K, capacity 11937K, committed 12052K, reserved 1048576K
Event: 1119,305 GC heap after
Heap after GC invocations=30 (full 5):
 PSYoungGen      total 256512K, used 0K [0x00000000eab00000, 0x00000000fed80000, 0x0000000100000000)
  eden space 231936K, 0% used [0x00000000eab00000,0x00000000eab00000,0x00000000f8d80000)
  from space 24576K, 0% used [0x00000000f8d80000,0x00000000f8d80000,0x00000000fa580000)
  to   space 24576K, 0% used [0x00000000fd580000,0x00000000fd580000,0x00000000fed80000)
 ParOldGen       total 95744K, used 33784K [0x00000000c0000000, 0x00000000c5d80000, 0x00000000eab00000)
  object space 95744K, 35% used [0x00000000c0000000,0x00000000c20fe128,0x00000000c5d80000)
 Metaspace       used 82188K, capacity 83170K, committed 83476K, reserved 1120256K
  class space    used 11731K, capacity 11937K, committed 12052K, reserved 1048576K
}
Event: 1122,041 GC heap before
{Heap before GC invocations=31 (full 5):
 PSYoungGen      total 256512K, used 231936K [0x00000000eab00000, 0x00000000fed80000, 0x0000000100000000)
  eden space 231936K, 100% used [0x00000000eab00000,0x00000000f8d80000,0x00000000f8d80000)
  from space 24576K, 0% used [0x00000000f8d80000,0x00000000f8d80000,0x00000000fa580000)
  to   space 24576K, 0% used [0x00000000fd580000,0x00000000fd580000,0x00000000fed80000)
 ParOldGen       total 95744K, used 33784K [0x00000000c0000000, 0x00000000c5d80000, 0x00000000eab00000)
  object space 95744K, 35% used [0x00000000c0000000,0x00000000c20fe128,0x00000000c5d80000)
 Metaspace       used 82477K, capacity 83426K, committed 83732K, reserved 1120256K
  class space    used 11738K, capacity 11937K, committed 12052K, reserved 1048576K
Event: 1122,057 GC heap after
Heap after GC invocations=31 (full 5):
 PSYoungGen      total 273920K, used 1728K [0x00000000eab00000, 0x00000000fdd80000, 0x0000000100000000)
  eden space 265728K, 0% used [0x00000000eab00000,0x00000000eab00000,0x00000000fae80000)
  from space 8192K, 21% used [0x00000000fd580000,0x00000000fd730080,0x00000000fdd80000)
  to   space 24064K, 0% used [0x00000000fae80000,0x00000000fae80000,0x00000000fc600000)
 ParOldGen       total 95744K, used 33792K [0x00000000c0000000, 0x00000000c5d80000, 0x00000000eab00000)
  object space 95744K, 35% used [0x00000000c0000000,0x00000000c2100128,0x00000000c5d80000)
 Metaspace       used 82477K, capacity 83426K, committed 83732K, reserved 1120256K
  class space    used 11738K, capacity 11937K, committed 12052K, reserved 1048576K
}
Event: 1162,101 GC heap before
{Heap before GC invocations=32 (full 5):
 PSYoungGen      total 273920K, used 267456K [0x00000000eab00000, 0x00000000fdd80000, 0x0000000100000000)
  eden space 265728K, 100% used [0x00000000eab00000,0x00000000fae80000,0x00000000fae80000)
  from space 8192K, 21% used [0x00000000fd580000,0x00000000fd730080,0x00000000fdd80000)
  to   space 24064K, 0% used [0x00000000fae80000,0x00000000fae80000,0x00000000fc600000)
 ParOldGen       total 95744K, used 33792K [0x00000000c0000000, 0x00000000c5d80000, 0x00000000eab00000)
  object space 95744K, 35% used [0x00000000c0000000,0x00000000c2100128,0x00000000c5d80000)
 Metaspace       used 83006K, capacity 83996K, committed 84244K, reserved 1122304K
  class space    used 11759K, capacity 11962K, committed 12052K, reserved 1048576K
Event: 1162,139 GC heap after
Heap after GC invocations=32 (full 5):
 PSYoungGen      total 289792K, used 21004K [0x00000000eab00000, 0x0000000100000000, 0x0000000100000000)
  eden space 265728K, 0% used [0x00000000eab00000,0x00000000eab00000,0x00000000fae80000)
  from space 24064K, 87% used [0x00000000fae80000,0x00000000fc3033b8,0x00000000fc600000)
  to   space 27136K, 0% used [0x00000000fe580000,0x00000000fe580000,0x0000000100000000)
 ParOldGen       total 95744K, used 34631K [0x00000000c0000000, 0x00000000c5d80000, 0x00000000eab00000)
  object space 95744K, 36% used [0x00000000c0000000,0x00000000c21d1d20,0x00000000c5d80000)
 Metaspace       used 83006K, capacity 83996K, committed 84244K, reserved 1122304K
  class space    used 11759K, capacity 11962K, committed 12052K, reserved 1048576K
}
Event: 1164,404 GC heap before
{Heap before GC invocations=33 (full 5):
 PSYoungGen      total 289792K, used 286732K [0x00000000eab00000, 0x0000000100000000, 0x0000000100000000)
  eden space 265728K, 100% used [0x00000000eab00000,0x00000000fae80000,0x00000000fae80000)
  from space 24064K, 87% used [0x00000000fae80000,0x00000000fc3033b8,0x00000000fc600000)
  to   space 27136K, 0% used [0x00000000fe580000,0x00000000fe580000,0x0000000100000000)
 ParOldGen       total 95744K, used 34631K [0x00000000c0000000, 0x00000000c5d80000, 0x00000000eab00000)
  object space 95744K, 36% used [0x00000000c0000000,0x00000000c21d1d20,0x00000000c5d80000)
 Metaspace       used 83200K, capacity 84212K, committed 84500K, reserved 1122304K
  class space    used 11759K, capacity 11962K, committed 12052K, reserved 1048576K
Event: 1164,470 GC heap after
Heap after GC invocations=33 (full 5):
 PSYoungGen      total 318976K, used 18444K [0x00000000eab00000, 0x0000000100000000, 0x0000000100000000)
  eden space 291840K, 0% used [0x00000000eab00000,0x00000000eab00000,0x00000000fc800000)
  from space 27136K, 67% used [0x00000000fe580000,0x00000000ff7830d8,0x0000000100000000)
  to   space 28672K, 0% used [0x00000000fc800000,0x00000000fc800000,0x00000000fe400000)
 ParOldGen       total 95744K, used 34639K [0x00000000c0000000, 0x00000000c5d80000, 0x00000000eab00000)
  object space 95744K, 36% used [0x00000000c0000000,0x00000000c21d3d20,0x00000000c5d80000)
 Metaspace       used 83200K, capacity 84212K, committed 84500K, reserved 1122304K
  class space    used 11759K, capacity 11962K, committed 12052K, reserved 1048576K
}

Deoptimization events (10 events):
Event: 1493,544 Thread 0x00007fbc90021000 Uncommon trap: reason=array_check action=maybe_recompile pc=0x00007fbcd2aac628 method=scala.collection.mutable.ArrayBuilder$ofRef.$plus$eq(Ljava/lang/Object;)Lscala/collection/mutable/ArrayBuilder$ofRef; @ 19
Event: 1493,544 Thread 0x00007fbc90021000 Uncommon trap: reason=array_check action=maybe_recompile pc=0x00007fbcd2aac628 method=scala.collection.mutable.ArrayBuilder$ofRef.$plus$eq(Ljava/lang/Object;)Lscala/collection/mutable/ArrayBuilder$ofRef; @ 19
Event: 1493,544 Thread 0x00007fbc90021000 Uncommon trap: reason=array_check action=maybe_recompile pc=0x00007fbcd2aac628 method=scala.collection.mutable.ArrayBuilder$ofRef.$plus$eq(Ljava/lang/Object;)Lscala/collection/mutable/ArrayBuilder$ofRef; @ 19
Event: 1493,544 Thread 0x00007fbc90021000 Uncommon trap: reason=array_check action=maybe_recompile pc=0x00007fbcd2aac628 method=scala.collection.mutable.ArrayBuilder$ofRef.$plus$eq(Ljava/lang/Object;)Lscala/collection/mutable/ArrayBuilder$ofRef; @ 19
Event: 1496,372 Thread 0x00007fbc90021000 Uncommon trap: reason=bimorphic action=maybe_recompile pc=0x00007fbcd26dfce4 method=scala.collection.IterableLike$class.zip(Lscala/collection/IterableLike;Lscala/collection/GenIterable;Lscala/collection/generic/CanBuildFrom;)Ljava/lang/Object; @ 22
Event: 1496,396 Thread 0x00007fbc90021000 Uncommon trap: reason=unstable_if action=reinterpret pc=0x00007fbcd23ebca8 method=org.apache.spark.unsafe.types.UTF8String.equals(Ljava/lang/Object;)Z @ 20
Event: 1496,685 Thread 0x00007fbc90021000 Uncommon trap: reason=unstable_if action=reinterpret pc=0x00007fbcd2222444 method=org.codehaus.janino.Scanner.internalRead()I @ 61
Event: 1496,990 Thread 0x00007fbc952a9000 Uncommon trap: reason=unstable_if action=reinterpret pc=0x00007fbcd29abb48 method=java.text.SimpleDateFormat.checkNegativeNumberExpression()V @ 21
Event: 1541,253 Thread 0x00007fbc947e8000 Uncommon trap: reason=unstable_if action=reinterpret pc=0x00007fbcd2a591b4 method=java.util.concurrent.ConcurrentSkipListMap.findPredecessor(Ljava/lang/Object;Ljava/util/Comparator;)Ljava/util/concurrent/ConcurrentSkipListMap$Node; @ 47
Event: 1799,550 Thread 0x00007fbc90021000 Uncommon trap: reason=bimorphic action=maybe_recompile pc=0x00007fbcd26dfce4 method=scala.collection.IterableLike$class.zip(Lscala/collection/IterableLike;Lscala/collection/GenIterable;Lscala/collection/generic/CanBuildFrom;)Ljava/lang/Object; @ 22

Classes redefined (0 events):
No events

Internal exceptions (10 events):
Event: 1115,927 Thread 0x00007fbc956e1000 Exception <a 'java/lang/NoSuchMethodError': <clinit>> (0x00000000ebc49d38) thrown at [/build/openjdk-8-DbR8Ha/openjdk-8-8u191-b12/src/hotspot/src/share/vm/prims/jni.cpp, line 1613]
Event: 1115,927 Thread 0x00007fbc956e2000 Exception <a 'java/lang/NoSuchMethodError': <clinit>> (0x00000000ebb6c430) thrown at [/build/openjdk-8-DbR8Ha/openjdk-8-8u191-b12/src/hotspot/src/share/vm/prims/jni.cpp, line 1613]
Event: 1115,933 Thread 0x00007fbc956e2000 Exception <a 'java/lang/NoSuchMethodError': <clinit>> (0x00000000ebb82b10) thrown at [/build/openjdk-8-DbR8Ha/openjdk-8-8u191-b12/src/hotspot/src/share/vm/prims/jni.cpp, line 1613]
Event: 1115,933 Thread 0x00007fbc956e1000 Exception <a 'java/lang/NoSuchMethodError': <clinit>> (0x00000000ebc557e8) thrown at [/build/openjdk-8-DbR8Ha/openjdk-8-8u191-b12/src/hotspot/src/share/vm/prims/jni.cpp, line 1613]
Event: 1121,264 Thread 0x00007fbc945e0800 Implicit null exception at 0x00007fbcd168b77f to 0x00007fbcd168be29
Event: 1161,271 Thread 0x00005623d96f4800 Implicit null exception at 0x00007fbcd242be18 to 0x00007fbcd242bec1
Event: 1161,271 Thread 0x00007fbc956e1000 Implicit null exception at 0x00007fbcd242be18 to 0x00007fbcd242bec1
Event: 1161,305 Thread 0x00007fbc956e1000 Implicit null exception at 0x00007fbcd2438c19 to 0x00007fbcd2439fc5
Event: 1161,309 Thread 0x00007fbc956e1000 Implicit null exception at 0x00007fbcd242527a to 0x00007fbcd2426b69
Event: 1161,317 Thread 0x00005623d96f4800 Implicit null exception at 0x00007fbcd244e035 to 0x00007fbcd244ec61

Events (10 events):
Event: 1797,774 loading class org/apache/spark/mllib/api/python/functions done
Event: 1797,798 loading class PythonUtils
Event: 1797,798 loading class PythonUtils done
Event: 1797,799 loading class java/lang/PythonUtils
Event: 1797,799 loading class java/lang/PythonUtils done
Event: 1797,800 loading class org/apache/spark/api/java/PythonUtils
Event: 1797,800 loading class org/apache/spark/api/java/PythonUtils done
Event: 1799,550 Thread 0x00007fbc90021000 Uncommon trap: trap_request=0xffffffc6 fr.pc=0x00007fbcd26dfce4
Event: 1799,550 Thread 0x00007fbc90021000 DEOPT PACKING pc=0x00007fbcd26dfce4 sp=0x00007fbcb5fac910
Event: 1799,550 Thread 0x00007fbc90021000 DEOPT UNPACKING pc=0x00007fbcd104547a sp=0x00007fbcb5fac8f8 mode 2


Dynamic libraries:
c0000000-c5d80000 rw-p 00000000 00:00 0 
c5d80000-eab00000 ---p 00000000 00:00 0 
eab00000-100000000 rw-p 00000000 00:00 0 
100000000-100bc5000 rw-p 00000000 00:00 0 
100bc5000-140000000 ---p 00000000 00:00 0 
5623d76d3000-5623d76d4000 r--p 00000000 08:01 33689525                   /usr/lib/jvm/java-8-openjdk-amd64/jre/bin/java
5623d76d4000-5623d76d5000 r-xp 00001000 08:01 33689525                   /usr/lib/jvm/java-8-openjdk-amd64/jre/bin/java
5623d76d5000-5623d76d6000 r--p 00002000 08:01 33689525                   /usr/lib/jvm/java-8-openjdk-amd64/jre/bin/java
5623d76d6000-5623d76d7000 r--p 00002000 08:01 33689525                   /usr/lib/jvm/java-8-openjdk-amd64/jre/bin/java
5623d76d7000-5623d76d8000 rw-p 00003000 08:01 33689525                   /usr/lib/jvm/java-8-openjdk-amd64/jre/bin/java
5623d96ba000-5623d96fc000 rw-p 00000000 00:00 0                          [heap]
7fbc89501000-7fbc89504000 ---p 00000000 00:00 0 
7fbc89504000-7fbc89602000 rw-p 00000000 00:00 0 
7fbc89602000-7fbc89605000 ---p 00000000 00:00 0 
7fbc89605000-7fbc89703000 rw-p 00000000 00:00 0 
7fbc89703000-7fbc89706000 ---p 00000000 00:00 0 
7fbc89706000-7fbc89804000 rw-p 00000000 00:00 0 
7fbc89804000-7fbc89807000 ---p 00000000 00:00 0 
7fbc89807000-7fbc89905000 rw-p 00000000 00:00 0 
7fbc89905000-7fbc89908000 ---p 00000000 00:00 0 
7fbc89908000-7fbc89a06000 rw-p 00000000 00:00 0 
7fbc89a06000-7fbc89a09000 ---p 00000000 00:00 0 
7fbc89a09000-7fbc89c47000 rw-p 00000000 00:00 0 
7fbc89c47000-7fbc89d0a000 ---p 00000000 00:00 0 
7fbc89d0a000-7fbc89e08000 rw-p 00000000 00:00 0 
7fbc89e08000-7fbc89e0b000 ---p 00000000 00:00 0 
7fbc89e0b000-7fbc89f09000 rw-p 00000000 00:00 0 
7fbc89f09000-7fbc89f0c000 ---p 00000000 00:00 0 
7fbc89f0c000-7fbc8a00a000 rw-p 00000000 00:00 0 
7fbc8a00a000-7fbc8a00d000 ---p 00000000 00:00 0 
7fbc8a00d000-7fbc8a10b000 rw-p 00000000 00:00 0 
7fbc8a10b000-7fbc8a10e000 ---p 00000000 00:00 0 
7fbc8a10e000-7fbc8a20c000 rw-p 00000000 00:00 0 
7fbc8a20c000-7fbc8a20f000 ---p 00000000 00:00 0 
7fbc8a20f000-7fbc8a30d000 rw-p 00000000 00:00 0 
7fbc8a30d000-7fbc8a310000 ---p 00000000 00:00 0 
7fbc8a310000-7fbc8a40e000 rw-p 00000000 00:00 0 
7fbc8a40e000-7fbc8a411000 ---p 00000000 00:00 0 
7fbc8a411000-7fbc8a50f000 rw-p 00000000 00:00 0 
7fbc8a50f000-7fbc8a512000 ---p 00000000 00:00 0 
7fbc8a512000-7fbc8a610000 rw-p 00000000 00:00 0 
7fbc8a610000-7fbc8a613000 ---p 00000000 00:00 0 
7fbc8a613000-7fbc8a711000 rw-p 00000000 00:00 0 
7fbc8a711000-7fbc8a714000 ---p 00000000 00:00 0 
7fbc8a714000-7fbc8aa12000 rw-p 00000000 00:00 0 
7fbc8aa12000-7fbc8aa15000 ---p 00000000 00:00 0 
7fbc8aa15000-7fbc8ab13000 rw-p 00000000 00:00 0 
7fbc8ab13000-7fbc8ab16000 ---p 00000000 00:00 0 
7fbc8ab16000-7fbc8ac14000 rw-p 00000000 00:00 0 
7fbc8ac14000-7fbc8ac17000 ---p 00000000 00:00 0 
7fbc8ac17000-7fbc8ad15000 rw-p 00000000 00:00 0 
7fbc8ad15000-7fbc8ad18000 ---p 00000000 00:00 0 
7fbc8ad18000-7fbc8ae16000 rw-p 00000000 00:00 0 
7fbc8ae16000-7fbc8ae19000 ---p 00000000 00:00 0 
7fbc8ae19000-7fbc8af17000 rw-p 00000000 00:00 0 
7fbc8af17000-7fbc8af1a000 ---p 00000000 00:00 0 
7fbc8af1a000-7fbc8b018000 rw-p 00000000 00:00 0 
7fbc8b018000-7fbc8b01b000 ---p 00000000 00:00 0 
7fbc8b01b000-7fbc8b119000 rw-p 00000000 00:00 0 
7fbc8b119000-7fbc8b11c000 ---p 00000000 00:00 0 
7fbc8b11c000-7fbc8b21a000 rw-p 00000000 00:00 0 
7fbc8b21a000-7fbc8b21d000 ---p 00000000 00:00 0 
7fbc8b21d000-7fbc8b31b000 rw-p 00000000 00:00 0 
7fbc8b31b000-7fbc8b31e000 ---p 00000000 00:00 0 
7fbc8b31e000-7fbc8b41c000 rw-p 00000000 00:00 0 
7fbc8b41c000-7fbc8b41f000 ---p 00000000 00:00 0 
7fbc8b41f000-7fbc8b51d000 rw-p 00000000 00:00 0 
7fbc8b51d000-7fbc8b520000 ---p 00000000 00:00 0 
7fbc8b520000-7fbc8b61e000 rw-p 00000000 00:00 0 
7fbc8b61e000-7fbc8b621000 ---p 00000000 00:00 0 
7fbc8b621000-7fbc8b71f000 rw-p 00000000 00:00 0 
7fbc8b71f000-7fbc8b722000 ---p 00000000 00:00 0 
7fbc8b722000-7fbc8b820000 rw-p 00000000 00:00 0 
7fbc8b820000-7fbc8b823000 ---p 00000000 00:00 0 
7fbc8b823000-7fbc8b921000 rw-p 00000000 00:00 0 
7fbc8b921000-7fbc8b924000 ---p 00000000 00:00 0 
7fbc8b924000-7fbc8ba22000 rw-p 00000000 00:00 0 
7fbc8ba22000-7fbc8ba25000 ---p 00000000 00:00 0 
7fbc8ba25000-7fbc8bb23000 rw-p 00000000 00:00 0 
7fbc8bb23000-7fbc8bb26000 ---p 00000000 00:00 0 
7fbc8bb26000-7fbc8be24000 rw-p 00000000 00:00 0 
7fbc8be24000-7fbc8be27000 ---p 00000000 00:00 0 
7fbc8be27000-7fbc8bf25000 rw-p 00000000 00:00 0 
7fbc8bf25000-7fbc8bf28000 ---p 00000000 00:00 0 
7fbc8bf28000-7fbc8c026000 rw-p 00000000 00:00 0 
7fbc8c026000-7fbc8c029000 ---p 00000000 00:00 0 
7fbc8c029000-7fbc8c127000 rw-p 00000000 00:00 0 
7fbc8c228000-7fbc8c22b000 ---p 00000000 00:00 0 
7fbc8c22b000-7fbc8c329000 rw-p 00000000 00:00 0 
7fbc8c329000-7fbc8c32c000 ---p 00000000 00:00 0 
7fbc8c32c000-7fbc8c62a000 rw-p 00000000 00:00 0 
7fbc8c6e4000-7fbc8c6e7000 ---p 00000000 00:00 0 
7fbc8c6e7000-7fbc8c7e5000 rw-p 00000000 00:00 0 
7fbc8c7e5000-7fbc8c7e8000 ---p 00000000 00:00 0 
7fbc8c7e8000-7fbc8c8e6000 rw-p 00000000 00:00 0 
7fbc8c8e6000-7fbc8c8e9000 ---p 00000000 00:00 0 
7fbc8c8e9000-7fbc8cbe7000 rw-p 00000000 00:00 0 
7fbc8cbe7000-7fbc8cbf4000 r-xp 00000000 08:01 27787842                   /tmp/liblz4-java7303028584375823728.so
7fbc8cbf4000-7fbc8cdf3000 ---p 0000d000 08:01 27787842                   /tmp/liblz4-java7303028584375823728.so
7fbc8cdf3000-7fbc8cdf4000 rw-p 0000c000 08:01 27787842                   /tmp/liblz4-java7303028584375823728.so
7fbc8cdf4000-7fbc8cff4000 rw-p 00000000 00:00 0 
7fbc8cff4000-7fbc8d1f4000 rw-p 00000000 00:00 0 
7fbc8d1f4000-7fbc8d3f4000 rw-p 00000000 00:00 0 
7fbc8d3f4000-7fbc8d5f4000 rw-p 00000000 00:00 0 
7fbc8d5f4000-7fbc8d7f4000 rw-p 00000000 00:00 0 
7fbc8d7f4000-7fbc8d9f4000 rw-p 00000000 00:00 0 
7fbc8d9f4000-7fbc8dbf4000 rw-p 00000000 00:00 0 
7fbc8dbf4000-7fbc8ddf4000 rw-p 00000000 00:00 0 
7fbc8ddf4000-7fbc8dff4000 rw-p 00000000 00:00 0 
7fbc8dff4000-7fbc8e1f4000 rw-p 00000000 00:00 0 
7fbc8e1f4000-7fbc8e3f4000 rw-p 00000000 00:00 0 
7fbc8e3f4000-7fbc8e5f4000 rw-p 00000000 00:00 0 
7fbc8e5f4000-7fbc8e5f7000 ---p 00000000 00:00 0 
7fbc8e5f7000-7fbc8e8f5000 rw-p 00000000 00:00 0 
7fbc8e8f5000-7fbc8eaf5000 rw-p 00000000 00:00 0 
7fbc8eaf5000-7fbc8eaf8000 ---p 00000000 00:00 0 
7fbc8eaf8000-7fbc8edf6000 rw-p 00000000 00:00 0 
7fbc8edf6000-7fbc8eff6000 rw-p 00000000 00:00 0 
7fbc8eff6000-7fbc8f1f6000 rw-p 00000000 00:00 0 
7fbc8f1f6000-7fbc8f1f9000 ---p 00000000 00:00 0 
7fbc8f1f9000-7fbc8f2f7000 rw-p 00000000 00:00 0 
7fbc8f2f7000-7fbc8f2fa000 ---p 00000000 00:00 0 
7fbc8f2fa000-7fbc8f3f8000 rw-p 00000000 00:00 0 
7fbc8f3f8000-7fbc8f3fb000 ---p 00000000 00:00 0 
7fbc8f3fb000-7fbc8f4f9000 rw-p 00000000 00:00 0 
7fbc8f4f9000-7fbc8f4fc000 ---p 00000000 00:00 0 
7fbc8f4fc000-7fbc8f5fa000 rw-p 00000000 00:00 0 
7fbc8f5fa000-7fbc8f5fd000 ---p 00000000 00:00 0 
7fbc8f5fd000-7fbc8f8fb000 rw-p 00000000 00:00 0 
7fbc8f8fb000-7fbc8f8fe000 ---p 00000000 00:00 0 
7fbc8f8fe000-7fbc8f9fc000 rw-p 00000000 00:00 0 
7fbc8f9fc000-7fbc8f9ff000 ---p 00000000 00:00 0 
7fbc8f9ff000-7fbc8fcfd000 rw-p 00000000 00:00 0 
7fbc8fcfd000-7fbc8fd00000 ---p 00000000 00:00 0 
7fbc8fd00000-7fbc8fdfe000 rw-p 00000000 00:00 0 
7fbc8fdfe000-7fbc8fe01000 ---p 00000000 00:00 0 
7fbc8fe01000-7fbc8feff000 rw-p 00000000 00:00 0 
7fbc8feff000-7fbc8ff02000 ---p 00000000 00:00 0 
7fbc8ff02000-7fbc90000000 rw-p 00000000 00:00 0 
7fbc90000000-7fbc90048000 rw-p 00000000 00:00 0 
7fbc90048000-7fbc94000000 ---p 00000000 00:00 0 
7fbc94000000-7fbc957c8000 rw-p 00000000 00:00 0 
7fbc957c8000-7fbc98000000 ---p 00000000 00:00 0 
7fbc98000000-7fbc98021000 rw-p 00000000 00:00 0 
7fbc98021000-7fbc9c000000 ---p 00000000 00:00 0 
7fbc9c000000-7fbc9c021000 rw-p 00000000 00:00 0 
7fbc9c021000-7fbca0000000 ---p 00000000 00:00 0 
7fbca0000000-7fbca0023000 rw-p 00000000 00:00 0 
7fbca0023000-7fbca4000000 ---p 00000000 00:00 0 
7fbca4000000-7fbca4029000 rw-p 00000000 00:00 0 
7fbca4029000-7fbca8000000 ---p 00000000 00:00 0 
7fbca8000000-7fbca9752000 rw-p 00000000 00:00 0 
7fbca9752000-7fbcac000000 ---p 00000000 00:00 0 
7fbcac000000-7fbcacba0000 rw-p 00000000 00:00 0 
7fbcacba0000-7fbcb0000000 ---p 00000000 00:00 0 
7fbcb0000000-7fbcb0021000 rw-p 00000000 00:00 0 
7fbcb0021000-7fbcb4000000 ---p 00000000 00:00 0 
7fbcb4081000-7fbcb4084000 ---p 00000000 00:00 0 
7fbcb4084000-7fbcb4182000 rw-p 00000000 00:00 0 
7fbcb4182000-7fbcb4185000 ---p 00000000 00:00 0 
7fbcb4185000-7fbcb4283000 rw-p 00000000 00:00 0 
7fbcb4283000-7fbcb4286000 ---p 00000000 00:00 0 
7fbcb4286000-7fbcb4384000 rw-p 00000000 00:00 0 
7fbcb4384000-7fbcb4387000 ---p 00000000 00:00 0 
7fbcb4387000-7fbcb4485000 rw-p 00000000 00:00 0 
7fbcb4485000-7fbcb4488000 ---p 00000000 00:00 0 
7fbcb4488000-7fbcb4586000 rw-p 00000000 00:00 0 
7fbcb4586000-7fbcb4589000 ---p 00000000 00:00 0 
7fbcb4589000-7fbcb4687000 rw-p 00000000 00:00 0 
7fbcb4687000-7fbcb468a000 ---p 00000000 00:00 0 
7fbcb468a000-7fbcb4788000 rw-p 00000000 00:00 0 
7fbcb4788000-7fbcb478b000 ---p 00000000 00:00 0 
7fbcb478b000-7fbcb4889000 rw-p 00000000 00:00 0 
7fbcb4889000-7fbcb488c000 ---p 00000000 00:00 0 
7fbcb488c000-7fbcb4b8a000 rw-p 00000000 00:00 0 
7fbcb4b8a000-7fbcb4b8d000 ---p 00000000 00:00 0 
7fbcb4b8d000-7fbcb4c8b000 rw-p 00000000 00:00 0 
7fbcb4c8b000-7fbcb4c8e000 ---p 00000000 00:00 0 
7fbcb4c8e000-7fbcb4d8c000 rw-p 00000000 00:00 0 
7fbcb4d8c000-7fbcb4d8f000 ---p 00000000 00:00 0 
7fbcb4d8f000-7fbcb4e8d000 rw-p 00000000 00:00 0 
7fbcb4e8d000-7fbcb4e90000 ---p 00000000 00:00 0 
7fbcb4e90000-7fbcb4f8e000 rw-p 00000000 00:00 0 
7fbcb4f8e000-7fbcb4f91000 ---p 00000000 00:00 0 
7fbcb4f91000-7fbcb508f000 rw-p 00000000 00:00 0 
7fbcb508f000-7fbcb5092000 ---p 00000000 00:00 0 
7fbcb5092000-7fbcb5190000 rw-p 00000000 00:00 0 
7fbcb5190000-7fbcb5193000 ---p 00000000 00:00 0 
7fbcb5193000-7fbcb5291000 rw-p 00000000 00:00 0 
7fbcb5291000-7fbcb5294000 ---p 00000000 00:00 0 
7fbcb5294000-7fbcb5392000 rw-p 00000000 00:00 0 
7fbcb5392000-7fbcb5395000 ---p 00000000 00:00 0 
7fbcb5395000-7fbcb5493000 rw-p 00000000 00:00 0 
7fbcb5493000-7fbcb5496000 ---p 00000000 00:00 0 
7fbcb5496000-7fbcb5594000 rw-p 00000000 00:00 0 
7fbcb5594000-7fbcb5597000 ---p 00000000 00:00 0 
7fbcb5597000-7fbcb5895000 rw-p 00000000 00:00 0 
7fbcb5895000-7fbcb5a95000 rw-p 00000000 00:00 0 
7fbcb5a95000-7fbcb5a98000 ---p 00000000 00:00 0 
7fbcb5a98000-7fbcb5b96000 rw-p 00000000 00:00 0 
7fbcb5b96000-7fbcb5b99000 ---p 00000000 00:00 0 
7fbcb5b99000-7fbcb5c97000 rw-p 00000000 00:00 0 
7fbcb5c97000-7fbcb5c9c000 r--s 002f9000 08:01 33689571                   /usr/lib/jvm/java-8-openjdk-amd64/jre/lib/charsets.jar
7fbcb5c9c000-7fbcb5e9c000 rw-p 00000000 00:00 0 
7fbcb5e9c000-7fbcb5eaf000 r--s 00346000 08:01 33689604                   /usr/lib/jvm/java-8-openjdk-amd64/jre/lib/resources.jar
7fbcb5eaf000-7fbcb5eb2000 ---p 00000000 00:00 0 
7fbcb5eb2000-7fbcb5fb0000 rw-p 00000000 00:00 0 
7fbcb5fb0000-7fbcb5fb7000 r--p 00000000 08:01 33689561                   /usr/lib/jvm/java-8-openjdk-amd64/jre/lib/amd64/libnio.so
7fbcb5fb7000-7fbcb5fbf000 r-xp 00007000 08:01 33689561                   /usr/lib/jvm/java-8-openjdk-amd64/jre/lib/amd64/libnio.so
7fbcb5fbf000-7fbcb5fc2000 r--p 0000f000 08:01 33689561                   /usr/lib/jvm/java-8-openjdk-amd64/jre/lib/amd64/libnio.so
7fbcb5fc2000-7fbcb5fc3000 r--p 00011000 08:01 33689561                   /usr/lib/jvm/java-8-openjdk-amd64/jre/lib/amd64/libnio.so
7fbcb5fc3000-7fbcb5fc4000 rw-p 00012000 08:01 33689561                   /usr/lib/jvm/java-8-openjdk-amd64/jre/lib/amd64/libnio.so
7fbcb5fc4000-7fbcb5fc7000 ---p 00000000 00:00 0 
7fbcb5fc7000-7fbcb60c5000 rw-p 00000000 00:00 0 
7fbcb60c5000-7fbcb60c6000 r--p 00000000 08:01 33689548                   /usr/lib/jvm/java-8-openjdk-amd64/jre/lib/amd64/libjaas_unix.so
7fbcb60c6000-7fbcb60c7000 r-xp 00001000 08:01 33689548                   /usr/lib/jvm/java-8-openjdk-amd64/jre/lib/amd64/libjaas_unix.so
7fbcb60c7000-7fbcb60c8000 r--p 00002000 08:01 33689548                   /usr/lib/jvm/java-8-openjdk-amd64/jre/lib/amd64/libjaas_unix.so
7fbcb60c8000-7fbcb60c9000 r--p 00002000 08:01 33689548                   /usr/lib/jvm/java-8-openjdk-amd64/jre/lib/amd64/libjaas_unix.so
7fbcb60c9000-7fbcb60ca000 rw-p 00003000 08:01 33689548                   /usr/lib/jvm/java-8-openjdk-amd64/jre/lib/amd64/libjaas_unix.so
7fbcb60ca000-7fbcb62ca000 rw-p 00000000 00:00 0 
7fbcb62ca000-7fbcb62ee000 r--p 00000000 08:01 35796117                   /usr/share/locale-langpack/es/LC_MESSAGES/libc.mo
7fbcb62ee000-7fbcb62f1000 ---p 00000000 00:00 0 
7fbcb62f1000-7fbcb63ef000 rw-p 00000000 00:00 0 
7fbcb6428000-7fbcb6628000 rw-p 00000000 00:00 0 
7fbcb6628000-7fbcb6828000 rw-p 00000000 00:00 0 
7fbcb6828000-7fbcb6829000 r--p 00000000 08:01 34870130                   /lib/x86_64-linux-gnu/libnss_dns-2.28.so
7fbcb6829000-7fbcb682d000 r-xp 00001000 08:01 34870130                   /lib/x86_64-linux-gnu/libnss_dns-2.28.so
7fbcb682d000-7fbcb682e000 r--p 00005000 08:01 34870130                   /lib/x86_64-linux-gnu/libnss_dns-2.28.so
7fbcb682e000-7fbcb682f000 r--p 00005000 08:01 34870130                   /lib/x86_64-linux-gnu/libnss_dns-2.28.so
7fbcb682f000-7fbcb6830000 rw-p 00006000 08:01 34870130                   /lib/x86_64-linux-gnu/libnss_dns-2.28.so
7fbcb6830000-7fbcb6834000 r--p 00000000 08:01 34870159                   /lib/x86_64-linux-gnu/libresolv-2.28.so
7fbcb6834000-7fbcb6843000 r-xp 00004000 08:01 34870159                   /lib/x86_64-linux-gnu/libresolv-2.28.so
7fbcb6843000-7fbcb6847000 r--p 00013000 08:01 34870159                   /lib/x86_64-linux-gnu/libresolv-2.28.so
7fbcb6847000-7fbcb6848000 r--p 00016000 08:01 34870159                   /lib/x86_64-linux-gnu/libresolv-2.28.so
7fbcb6848000-7fbcb6849000 rw-p 00017000 08:01 34870159                   /lib/x86_64-linux-gnu/libresolv-2.28.so
7fbcb6849000-7fbcb684b000 rw-p 00000000 00:00 0 
7fbcb684b000-7fbcb684e000 r-xp 00000000 08:01 34870135                   /lib/x86_64-linux-gnu/libnss_mdns4_minimal.so.2
7fbcb684e000-7fbcb6a4d000 ---p 00003000 08:01 34870135                   /lib/x86_64-linux-gnu/libnss_mdns4_minimal.so.2
7fbcb6a4d000-7fbcb6a4e000 r--p 00002000 08:01 34870135                   /lib/x86_64-linux-gnu/libnss_mdns4_minimal.so.2
7fbcb6a4e000-7fbcb6a4f000 rw-p 00003000 08:01 34870135                   /lib/x86_64-linux-gnu/libnss_mdns4_minimal.so.2
7fbcb6a51000-7fbcb6a53000 r--s 00016000 08:01 33689598                   /usr/lib/jvm/java-8-openjdk-amd64/jre/lib/jce.jar
7fbcb6a53000-7fbcb6a5a000 r--s 00000000 08:01 33823111                   /usr/lib/x86_64-linux-gnu/gconv/gconv-modules.cache
7fbcb6a5a000-7fbcb6a5e000 r--p 00000000 08:01 33689558                   /usr/lib/jvm/java-8-openjdk-amd64/jre/lib/amd64/libmanagement.so
7fbcb6a5e000-7fbcb6a62000 r-xp 00004000 08:01 33689558                   /usr/lib/jvm/java-8-openjdk-amd64/jre/lib/amd64/libmanagement.so
7fbcb6a62000-7fbcb6a64000 r--p 00008000 08:01 33689558                   /usr/lib/jvm/java-8-openjdk-amd64/jre/lib/amd64/libmanagement.so
7fbcb6a64000-7fbcb6a65000 r--p 00009000 08:01 33689558                   /usr/lib/jvm/java-8-openjdk-amd64/jre/lib/amd64/libmanagement.so
7fbcb6a65000-7fbcb6a66000 rw-p 0000a000 08:01 33689558                   /usr/lib/jvm/java-8-openjdk-amd64/jre/lib/amd64/libmanagement.so
7fbcb6a66000-7fbcb6a6b000 r--s 000a0000 08:01 33689600                   /usr/lib/jvm/java-8-openjdk-amd64/jre/lib/jsse.jar
7fbcb6a6b000-7fbcb6a6f000 r--p 00000000 08:01 33689560                   /usr/lib/jvm/java-8-openjdk-amd64/jre/lib/amd64/libnet.so
7fbcb6a6f000-7fbcb6a7e000 r-xp 00004000 08:01 33689560                   /usr/lib/jvm/java-8-openjdk-amd64/jre/lib/amd64/libnet.so
7fbcb6a7e000-7fbcb6a82000 r--p 00013000 08:01 33689560                   /usr/lib/jvm/java-8-openjdk-amd64/jre/lib/amd64/libnet.so
7fbcb6a82000-7fbcb6a83000 r--p 00016000 08:01 33689560                   /usr/lib/jvm/java-8-openjdk-amd64/jre/lib/amd64/libnet.so
7fbcb6a83000-7fbcb6a84000 rw-p 00017000 08:01 33689560                   /usr/lib/jvm/java-8-openjdk-amd64/jre/lib/amd64/libnet.so
7fbcb6a84000-7fbcb6c84000 rw-p 00000000 00:00 0 
7fbcb6c84000-7fbcb6c86000 r--s 00014000 08:01 22938817                   /home/jose/spark-2.4.0-bin-hadoop2.7/jars/spire-macros_2.11-0.13.0.jar
7fbcb6c86000-7fbcb6d19000 r--s 00715000 08:01 22938779                   /home/jose/spark-2.4.0-bin-hadoop2.7/jars/spark-mllib_2.11-2.4.0.jar
7fbcb6d19000-7fbcb6d1d000 r--s 0003e000 08:01 22938819                   /home/jose/spark-2.4.0-bin-hadoop2.7/jars/jline-2.14.6.jar
7fbcb6d1d000-7fbcb6d2c000 r--s 00095000 08:01 22938864                   /home/jose/spark-2.4.0-bin-hadoop2.7/jars/spark-yarn_2.11-2.4.0.jar
7fbcb6d2c000-7fbcb6d42000 r--s 000d3000 08:01 22938707                   /home/jose/spark-2.4.0-bin-hadoop2.7/jars/jersey-server-2.22.2.jar
7fbcb6d42000-7fbcb6d4f000 r--s 00083000 08:01 22938809                   /home/jose/spark-2.4.0-bin-hadoop2.7/jars/commons-collections-3.2.2.jar
7fbcb6d4f000-7fbcb6d52000 r--s 00017000 08:01 22938741                   /home/jose/spark-2.4.0-bin-hadoop2.7/jars/jaxb-api-2.2.2.jar
7fbcb6d52000-7fbcb6d54000 r--s 0001f000 08:01 22938714                   /home/jose/spark-2.4.0-bin-hadoop2.7/jars/commons-crypto-1.0.0.jar
7fbcb6d54000-7fbcb6d60000 r--s 000b6000 08:01 22938759                   /home/jose/spark-2.4.0-bin-hadoop2.7/jars/zookeeper-3.4.6.jar
7fbcb6d60000-7fbcb6d62000 r--s 0000f000 08:01 22938843                   /home/jose/spark-2.4.0-bin-hadoop2.7/jars/activation-1.1.1.jar
7fbcb6d62000-7fbcb6d67000 r--s 0003e000 08:01 22938676                   /home/jose/spark-2.4.0-bin-hadoop2.7/jars/commons-net-3.1.jar
7fbcb6d67000-7fbcb6e10000 r--s 00a4f000 08:01 22938780                   /home/jose/spark-2.4.0-bin-hadoop2.7/jars/hive-exec-1.2.1.spark2.jar
7fbcb6e10000-7fbcb6e21000 r--s 00089000 08:01 22938713                   /home/jose/spark-2.4.0-bin-hadoop2.7/jars/joda-time-2.9.3.jar
7fbcb6e21000-7fbcb6e22000 r--s 00003000 08:01 22938732                   /home/jose/spark-2.4.0-bin-hadoop2.7/jars/metrics-json-3.1.5.jar
7fbcb6e22000-7fbcb6e3d000 r--s 0012b000 08:01 22938833                   /home/jose/spark-2.4.0-bin-hadoop2.7/jars/spark-hive_2.11-2.4.0.jar
7fbcb6e3d000-7fbcb6e73000 r--s 0031c000 08:01 22938781                   /home/jose/spark-2.4.0-bin-hadoop2.7/jars/hadoop-common-2.7.3.jar
7fbcb6e73000-7fbcb6e77000 r--s 0002a000 08:01 22938690                   /home/jose/spark-2.4.0-bin-hadoop2.7/jars/avro-mapred-1.8.2-hadoop2.jar
7fbcb6e77000-7fbcb6eae000 r--s 00325000 08:01 22938727                   /home/jose/spark-2.4.0-bin-hadoop2.7/jars/calcite-core-1.2.0-incubating.jar
7fbcb6eae000-7fbcb6eb3000 r--s 00035000 08:01 22938778                   /home/jose/spark-2.4.0-bin-hadoop2.7/jars/chill_2.11-0.9.3.jar
7fbcb6eb3000-7fbcb6eb5000 r--s 00010000 08:01 22938689                   /home/jose/spark-2.4.0-bin-hadoop2.7/jars/jersey-media-jaxb-2.22.2.jar
7fbcb6eb5000-7fbcb6ed9000 r--s 001cd000 08:01 22938791                   /home/jose/spark-2.4.0-bin-hadoop2.7/jars/commons-math3-3.4.1.jar
7fbcb6ed9000-7fbcb6f1a000 r--s 006c0000 08:01 22938783                   /home/jose/spark-2.4.0-bin-hadoop2.7/jars/mesos-1.4.0-shaded-protobuf.jar
7fbcb6f1a000-7fbcb6f1d000 r--s 00025000 08:01 22938782                   /home/jose/spark-2.4.0-bin-hadoop2.7/jars/commons-dbcp-1.4.jar
7fbcb6f1d000-7fbcb6f27000 r--s 0009a000 08:01 22938831                   /home/jose/spark-2.4.0-bin-hadoop2.7/jars/scala-xml_2.11-1.0.5.jar
7fbcb6f27000-7fbcb6f38000 r--s 0010c000 08:01 22938786                   /home/jose/spark-2.4.0-bin-hadoop2.7/jars/jackson-databind-2.6.7.1.jar
7fbcb6f38000-7fbcb6f3c000 r--s 0002a000 08:01 22938860                   /home/jose/spark-2.4.0-bin-hadoop2.7/jars/commons-io-2.4.jar
7fbcb6f3c000-7fbcb6f3d000 r--s 00007000 08:01 22938693                   /home/jose/spark-2.4.0-bin-hadoop2.7/jars/jackson-module-jaxb-annotations-2.6.7.jar
7fbcb6f3d000-7fbcb6f3f000 r--s 00015000 08:01 22938883                   /home/jose/spark-2.4.0-bin-hadoop2.7/jars/hadoop-auth-2.7.3.jar
7fbcb6f3f000-7fbcb6f40000 r--s 00004000 08:01 22938813                   /home/jose/spark-2.4.0-bin-hadoop2.7/jars/osgi-resource-locator-1.0.1.jar
7fbcb6f40000-7fbcb6f41000 r--s 00001000 08:01 22938731                   /home/jose/spark-2.4.0-bin-hadoop2.7/jars/javax.inject-2.4.0-b34.jar
7fbcb6f41000-7fbcb6f53000 r--s 00097000 08:01 22938801                   /home/jose/spark-2.4.0-bin-hadoop2.7/jars/apacheds-kerberos-codec-2.0.0-M15.jar
7fbcb6f53000-7fbcb6f6c000 r--s 0012c000 08:01 22938739                   /home/jose/spark-2.4.0-bin-hadoop2.7/jars/netty-3.9.9.Final.jar
7fbcb6f6c000-7fbcb6f6e000 r--s 00027000 08:01 22938795                   /home/jose/spark-2.4.0-bin-hadoop2.7/jars/core-1.1.2.jar
7fbcb6f6e000-7fbcb6f70000 r--s 00012000 08:01 22938826                   /home/jose/spark-2.4.0-bin-hadoop2.7/jars/api-util-1.0.0-M20.jar
7fbcb6f70000-7fbcb6f73000 r--s 00058000 08:01 22938724                   /home/jose/spark-2.4.0-bin-hadoop2.7/jars/lz4-java-1.4.0.jar
7fbcb6f73000-7fbcb6f75000 r--s 0000e000 08:01 22938830                   /home/jose/spark-2.4.0-bin-hadoop2.7/jars/guice-servlet-3.0.jar
7fbcb6f75000-7fbcb6f77000 r--s 00009000 08:01 22938705                   /home/jose/spark-2.4.0-bin-hadoop2.7/jars/jackson-module-paranamer-2.7.9.jar
7fbcb6f77000-7fbcb6f7b000 r--s 00028000 08:01 22938865                   /home/jose/spark-2.4.0-bin-hadoop2.7/jars/jetty-util-6.1.26.jar
7fbcb6f7b000-7fbcb6f7d000 r--s 00004000 08:01 22938794                   /home/jose/spark-2.4.0-bin-hadoop2.7/jars/stax-api-1.0-2.jar
7fbcb6f7d000-7fbcb6f7f000 r--s 0000f000 08:01 22938688                   /home/jose/spark-2.4.0-bin-hadoop2.7/jars/curator-client-2.7.1.jar
7fbcb6f7f000-7fbcb6f86000 r--s 00039000 08:01 22938877                   /home/jose/spark-2.4.0-bin-hadoop2.7/jars/calcite-avatica-1.2.0-incubating.jar
7fbcb6f86000-7fbcb6f88000 r--s 00007000 08:01 22938768                   /home/jose/spark-2.4.0-bin-hadoop2.7/jars/paranamer-2.8.jar
7fbcb6f88000-7fbcb6f8d000 r--s 0002a000 08:01 22938797                   /home/jose/spark-2.4.0-bin-hadoop2.7/jars/gson-2.2.4.jar
7fbcb6f8d000-7fbcb6f8e000 r--s 00009000 08:01 22938750                   /home/jose/spark-2.4.0-bin-hadoop2.7/jars/hadoop-annotations-2.7.3.jar
7fbcb6f8e000-7fbcb6f91000 r--s 00022000 08:01 22938771                   /home/jose/spark-2.4.0-bin-hadoop2.7/jars/stringtemplate-3.2.1.jar
7fbcb6f91000-7fbcb6f97000 r--s 00045000 08:01 22938827                   /home/jose/spark-2.4.0-bin-hadoop2.7/jars/commons-httpclient-3.1.jar
7fbcb6f97000-7fbcb6f98000 r--s 00009000 08:01 22938851                   /home/jose/spark-2.4.0-bin-hadoop2.7/jars/hive-cli-1.2.1.spark2.jar
7fbcb6f98000-7fbcb6f9e000 r--s 0004c000 08:01 22938691                   /home/jose/spark-2.4.0-bin-hadoop2.7/jars/antlr4-runtime-4.7.jar
7fbcb6f9e000-7fbcb6fa2000 r--s 0001e000 08:01 22938712                   /home/jose/spark-2.4.0-bin-hadoop2.7/jars/spark-repl_2.11-2.4.0.jar
7fbcb6fa2000-7fbcb6fb0000 r--s 00089000 08:01 22938763                   /home/jose/spark-2.4.0-bin-hadoop2.7/jars/json4s-scalap_2.11-3.5.3.jar
7fbcb6fb0000-7fbcb6fbe000 r--s 000b1000 08:01 22938697                   /home/jose/spark-2.4.0-bin-hadoop2.7/jars/jackson-mapper-asl-1.9.13.jar
7fbcb6fbe000-7fbcb6fcb000 r--s 000b1000 08:01 22938832                   /home/jose/spark-2.4.0-bin-hadoop2.7/jars/hadoop-mapreduce-client-common-2.7.3.jar
7fbcb6fcb000-7fbcb6fcc000 r--s 00002000 08:01 22938757                   /home/jose/spark-2.4.0-bin-hadoop2.7/jars/jpam-1.1.jar
7fbcb6fcc000-7fbcb6fd2000 r--s 00043000 08:01 22938756                   /home/jose/spark-2.4.0-bin-hadoop2.7/jars/commons-configuration-1.6.jar
7fbcb6fd2000-7fbcb6fd3000 r--s 00003000 08:01 22938878                   /home/jose/spark-2.4.0-bin-hadoop2.7/jars/generex-1.0.1.jar
7fbcb6fd3000-7fbcb7020000 r--s 0041c000 08:01 22938862                   /home/jose/spark-2.4.0-bin-hadoop2.7/jars/scala-reflect-2.11.12.jar
7fbcb7020000-7fbcb7022000 r--s 00002000 08:01 22938733                   /home/jose/spark-2.4.0-bin-hadoop2.7/jars/aopalliance-repackaged-2.4.0-b34.jar
7fbcb7022000-7fbcb7026000 r--s 0002f000 08:01 22938839                   /home/jose/spark-2.4.0-bin-hadoop2.7/jars/commons-beanutils-core-1.8.0.jar
7fbcb7026000-7fbcb702a000 r--s 00035000 08:01 22938761                   /home/jose/spark-2.4.0-bin-hadoop2.7/jars/jackson-core-asl-1.9.13.jar
7fbcb702a000-7fbcb702c000 r--s 00003000 08:01 22938664                   /home/jose/spark-2.4.0-bin-hadoop2.7/jars/jersey-container-servlet-2.22.2.jar
7fbcb702c000-7fbcb702d000 r--s 00003000 08:01 22938863                   /home/jose/spark-2.4.0-bin-hadoop2.7/jars/xmlenc-0.52.jar
7fbcb702d000-7fbcb7032000 r--s 00041000 08:01 22938747                   /home/jose/spark-2.4.0-bin-hadoop2.7/jars/commons-lang-2.6.jar
7fbcb7032000-7fbcb703a000 r--s 0005d000 08:01 22938758                   /home/jose/spark-2.4.0-bin-hadoop2.7/jars/kryo-shaded-4.0.2.jar
7fbcb703a000-7fbcb703b000 r--s 00006000 08:01 22938861                   /home/jose/spark-2.4.0-bin-hadoop2.7/jars/jackson-xc-1.9.13.jar
7fbcb703b000-7fbcb7043000 r--s 0006e000 08:01 22938659                   /home/jose/spark-2.4.0-bin-hadoop2.7/jars/commons-lang3-3.5.jar
7fbcb7043000-7fbcb7049000 r--s 00063000 08:01 22938752                   /home/jose/spark-2.4.0-bin-hadoop2.7/jars/jodd-core-3.5.2.jar
7fbcb7049000-7fbcb7053000 r--s 0005c000 08:01 22938802                   /home/jose/spark-2.4.0-bin-hadoop2.7/jars/kubernetes-client-3.0.0.jar
7fbcb7053000-7fbcb7059000 r--s 0002c000 08:01 22938706                   /home/jose/spark-2.4.0-bin-hadoop2.7/jars/jdo-api-3.0.1.jar
7fbcb7059000-7fbcb705c000 r--s 00009000 08:01 22938702                   /home/jose/spark-2.4.0-bin-hadoop2.7/jars/jackson-annotations-2.6.7.jar
7fbcb705c000-7fbcb705f000 r--s 00015000 08:01 22938668                   /home/jose/spark-2.4.0-bin-hadoop2.7/jars/pyrolite-4.13.jar
7fbcb705f000-7fbcb7063000 r--s 0000c000 08:01 22938677                   /home/jose/spark-2.4.0-bin-hadoop2.7/jars/validation-api-1.1.0.Final.jar
7fbcb7063000-7fbcb706d000 r--s 000a5000 08:01 22938816                   /home/jose/spark-2.4.0-bin-hadoop2.7/jars/javassist-3.18.1-GA.jar
7fbcb706d000-7fbcb7072000 r--s 00041000 08:01 22938774                   /home/jose/spark-2.4.0-bin-hadoop2.7/jars/xbean-asm6-shaded-4.8.jar
7fbcb7072000-7fbcb7076000 r--s 00025000 08:01 22938736                   /home/jose/spark-2.4.0-bin-hadoop2.7/jars/antlr-runtime-3.4.jar
7fbcb7076000-7fbcb7077000 r--s 00003000 08:01 22938704                   /home/jose/spark-2.4.0-bin-hadoop2.7/jars/spark-tags_2.11-2.4.0.jar
7fbcb7077000-7fbcb7079000 r--s 00007000 08:01 22938685                   /home/jose/spark-2.4.0-bin-hadoop2.7/jars/zjsonpatch-0.3.0.jar
7fbcb7079000-7fbcb707b000 r--s 00012000 08:01 22938743                   /home/jose/spark-2.4.0-bin-hadoop2.7/jars/compress-lzf-1.0.3.jar
7fbcb707b000-7fbcb707d000 r--s 00012000 08:01 22938710                   /home/jose/spark-2.4.0-bin-hadoop2.7/jars/arrow-memory-0.10.0.jar
7fbcb707d000-7fbcb7088000 r--s 000b9000 08:01 22938770                   /home/jose/spark-2.4.0-bin-hadoop2.7/jars/janino-3.0.9.jar
7fbcb7088000-7fbcb7093000 r--s 000bc000 08:01 22938806                   /home/jose/spark-2.4.0-bin-hadoop2.7/jars/orc-mapreduce-1.5.2-nohive.jar
7fbcb7093000-7fbcb70ac000 r--s 000f4000 08:01 22938667                   /home/jose/spark-2.4.0-bin-hadoop2.7/jars/parquet-column-1.10.0.jar
7fbcb70ac000-7fbcb70b1000 r--s 00068000 08:01 22938744                   /home/jose/spark-2.4.0-bin-hadoop2.7/jars/antlr-2.7.7.jar
7fbcb70b1000-7fbcb70b3000 r--s 0000e000 08:01 22938776                   /home/jose/spark-2.4.0-bin-hadoop2.7/jars/oro-2.0.8.jar
7fbcb70b3000-7fbcb70c0000 r--s 00071000 08:01 22938853                   /home/jose/spark-2.4.0-bin-hadoop2.7/jars/jackson-module-scala_2.11-2.6.7.1.jar
7fbcb70c0000-7fbcb7119000 r--s 00523000 08:01 22938867                   /home/jose/spark-2.4.0-bin-hadoop2.7/jars/scala-library-2.11.12.jar
7fbcb7119000-7fbcb7120000 r--s 00058000 08:01 22938804                   /home/jose/spark-2.4.0-bin-hadoop2.7/jars/hadoop-yarn-server-common-2.7.3.jar
7fbcb7120000-7fbcb7166000 r--s 00317000 08:01 22938846                   /home/jose/spark-2.4.0-bin-hadoop2.7/jars/shapeless_2.11-2.3.2.jar
7fbcb7166000-7fbcb7175000 r--s 0009f000 08:01 22938673                   /home/jose/spark-2.4.0-bin-hadoop2.7/jars/guice-3.0.jar
7fbcb7175000-7fbcb7183000 r--s 000a3000 08:01 22938755                   /home/jose/spark-2.4.0-bin-hadoop2.7/jars/parquet-format-2.4.0.jar
7fbcb7183000-7fbcb718c000 r--s 0006f000 08:01 22938716                   /home/jose/spark-2.4.0-bin-hadoop2.7/jars/log4j-1.2.17.jar
7fbcb718c000-7fbcb718e000 r--s 00009000 08:01 22938754                   /home/jose/spark-2.4.0-bin-hadoop2.7/jars/commons-cli-1.2.jar
7fbcb718e000-7fbcb7191000 r--s 00014000 08:01 22938678                   /home/jose/spark-2.4.0-bin-hadoop2.7/jars/json4s-ast_2.11-3.5.3.jar
7fbcb7191000-7fbcb7194000 r--s 0000b000 08:01 22938855                   /home/jose/spark-2.4.0-bin-hadoop2.7/jars/objenesis-2.5.1.jar
7fbcb7194000-7fbcb7197000 r--s 00026000 08:01 22938746                   /home/jose/spark-2.4.0-bin-hadoop2.7/jars/hadoop-yarn-client-2.7.3.jar
7fbcb7197000-7fbcb71a0000 r--s 00046000 08:01 22938874                   /home/jose/spark-2.4.0-bin-hadoop2.7/jars/jackson-dataformat-yaml-2.6.7.jar
7fbcb71a0000-7fbcb71a4000 r--s 00036000 08:01 22938698                   /home/jose/spark-2.4.0-bin-hadoop2.7/jars/ST4-4.0.4.jar
7fbcb71a4000-7fbcb71a5000 r--s 00004000 08:01 22938723                   /home/jose/spark-2.4.0-bin-hadoop2.7/jars/opencsv-2.3.jar
7fbcb71a5000-7fbcb71a7000 r--s 0001c000 08:01 22938857                   /home/jose/spark-2.4.0-bin-hadoop2.7/jars/py4j-0.10.7.jar
7fbcb71a7000-7fbcb71a9000 r--s 00004000 08:01 22938738                   /home/jose/spark-2.4.0-bin-hadoop2.7/jars/metrics-graphite-3.1.5.jar
7fbcb71a9000-7fbcb71ab000 r--s 0000d000 08:01 22938823                   /home/jose/spark-2.4.0-bin-hadoop2.7/jars/hadoop-yarn-server-web-proxy-2.7.3.jar
7fbcb71ab000-7fbcb71b8000 r--s 000af000 08:01 22938792                   /home/jose/spark-2.4.0-bin-hadoop2.7/jars/httpclient-4.5.6.jar
7fbcb71b8000-7fbcb71db000 rw-p 00000000 00:00 0 
7fbcb71db000-7fbcb72cf000 r--s 00be3000 08:01 22938784                   /home/jose/spark-2.4.0-bin-hadoop2.7/jars/spark-core_2.11-2.4.0.jar
7fbcb72cf000-7fbcb72d1000 r--s 0000b000 08:01 22938764                   /home/jose/spark-2.4.0-bin-hadoop2.7/jars/spark-kvstore_2.11-2.4.0.jar
7fbcb72d1000-7fbcb72f3000 r--s 0019a000 08:01 22938730                   /home/jose/spark-2.4.0-bin-hadoop2.7/jars/spark-hive-thriftserver_2.11-2.4.0.jar
7fbcb72f3000-7fbcb7399000 r--s 0060b000 08:01 22938703                   /home/jose/spark-2.4.0-bin-hadoop2.7/jars/kubernetes-model-2.0.0.jar
7fbcb7399000-7fbcb73a1000 r--s 00066000 08:01 22938773                   /home/jose/spark-2.4.0-bin-hadoop2.7/jars/apache-log4j-extras-1.2.17.jar
7fbcb73a1000-7fbcb73a3000 r--s 00005000 08:01 22938871                   /home/jose/spark-2.4.0-bin-hadoop2.7/jars/stax-api-1.0.1.jar
7fbcb73a3000-7fbcb73aa000 r--s 0003f000 08:01 22938796                   /home/jose/spark-2.4.0-bin-hadoop2.7/jars/commons-codec-1.10.jar
7fbcb73aa000-7fbcb73ac000 r--s 0000a000 08:01 22938663                   /home/jose/spark-2.4.0-bin-hadoop2.7/jars/json4s-jackson_2.11-3.5.3.jar
7fbcb73ac000-7fbcb7468000 r--s 008fb000 08:01 22938787                   /home/jose/spark-2.4.0-bin-hadoop2.7/jars/spark-catalyst_2.11-2.4.0.jar
7fbcb7468000-7fbcb746a000 r--s 00001000 08:01 22938722                   /home/jose/spark-2.4.0-bin-hadoop2.7/jars/logging-interceptor-3.8.1.jar
7fbcb746a000-7fbcb746b000 r--s 0000a000 08:01 22938772                   /home/jose/spark-2.4.0-bin-hadoop2.7/jars/apacheds-i18n-2.0.0-M15.jar
7fbcb746b000-7fbcb746e000 r--s 0000f000 08:01 22938682                   /home/jose/spark-2.4.0-bin-hadoop2.7/jars/spark-network-shuffle_2.11-2.4.0.jar
7fbcb746e000-7fbcb748f000 r--s 0015c000 08:01 22938765                   /home/jose/spark-2.4.0-bin-hadoop2.7/jars/avro-1.8.2.jar
7fbcb748f000-7fbcb7490000 r--s 00002000 08:01 22938876                   /home/jose/spark-2.4.0-bin-hadoop2.7/jars/flatbuffers-1.2.0-3f79e055.jar
7fbcb7490000-7fbcb7493000 r--s 00015000 08:01 22938881                   /home/jose/spark-2.4.0-bin-hadoop2.7/jars/javax.servlet-api-3.1.0.jar
7fbcb7493000-7fbcb7495000 r--s 00000000 08:01 22938715                   /home/jose/spark-2.4.0-bin-hadoop2.7/jars/aopalliance-1.0.jar
7fbcb7495000-7fbcb74a0000 r--s 00062000 08:01 22938818                   /home/jose/spark-2.4.0-bin-hadoop2.7/jars/calcite-linq4j-1.2.0-incubating.jar
7fbcb74a0000-7fbcb7567000 r--s 008a5000 08:01 22938849                   /home/jose/spark-2.4.0-bin-hadoop2.7/jars/spark-sql_2.11-2.4.0.jar
7fbcb7567000-7fbcb756a000 r--s 000fd000 08:01 22938695                   /home/jose/spark-2.4.0-bin-hadoop2.7/jars/leveldbjni-all-1.8.jar
7fbcb756a000-7fbcb756d000 r--s 00014000 08:01 22938674                   /home/jose/spark-2.4.0-bin-hadoop2.7/jars/super-csv-2.2.0.jar
7fbcb756d000-7fbcb7575000 r--s 0007b000 08:01 22938834                   /home/jose/spark-2.4.0-bin-hadoop2.7/jars/protobuf-java-2.5.0.jar
7fbcb7575000-7fbcb757c000 r--s 0007d000 08:01 22938858                   /home/jose/spark-2.4.0-bin-hadoop2.7/jars/jetty-6.1.26.jar
7fbcb757c000-7fbcb7590000 r--s 000ec000 08:01 22938835                   /home/jose/spark-2.4.0-bin-hadoop2.7/jars/parquet-jackson-1.10.0.jar
7fbcb7590000-7fbcb75a2000 r--s 00112000 08:01 22938870                   /home/jose/spark-2.4.0-bin-hadoop2.7/jars/arpack_combined_all-0.1.jar
7fbcb75a2000-7fbcb75a6000 r--s 0001a000 08:01 22938711                   /home/jose/spark-2.4.0-bin-hadoop2.7/jars/hk2-utils-2.4.0-b34.jar
7fbcb75a6000-7fbcb75ac000 r--s 00028000 08:01 22938666                   /home/jose/spark-2.4.0-bin-hadoop2.7/jars/curator-framework-2.7.1.jar
7fbcb75ac000-7fbcb75b1000 r--s 0004e000 08:01 22938748                   /home/jose/spark-2.4.0-bin-hadoop2.7/jars/datanucleus-api-jdo-3.2.6.jar
7fbcb75b1000-7fbcb75b8000 r--s 00049000 08:01 22938737                   /home/jose/spark-2.4.0-bin-hadoop2.7/jars/httpcore-4.4.10.jar
7fbcb75b8000-7fbcb75f9000 r--s 0035a000 08:01 22938788                   /home/jose/spark-2.4.0-bin-hadoop2.7/jars/netty-all-4.1.17.Final.jar
7fbcb75f9000-7fbcb75fd000 r--s 00014000 08:01 22938803                   /home/jose/spark-2.4.0-bin-hadoop2.7/jars/parquet-common-1.10.0.jar
7fbcb75fd000-7fbcb75ff000 r--s 0000b000 08:01 22938815                   /home/jose/spark-2.4.0-bin-hadoop2.7/jars/spark-unsafe_2.11-2.4.0.jar
7fbcb75ff000-7fbcb7603000 r--s 0001a000 08:01 22938852                   /home/jose/spark-2.4.0-bin-hadoop2.7/jars/metrics-core-3.1.5.jar
7fbcb7603000-7fbcb7604000 r--s 00001000 08:01 22938847                   /home/jose/spark-2.4.0-bin-hadoop2.7/jars/minlog-1.3.0.jar
7fbcb7604000-7fbcb7609000 r--s 00027000 08:01 22938854                   /home/jose/spark-2.4.0-bin-hadoop2.7/jars/automaton-1.11-8.jar
7fbcb7609000-7fbcb760c000 r--s 0000e000 08:01 22938684                   /home/jose/spark-2.4.0-bin-hadoop2.7/jars/jersey-container-servlet-core-2.22.2.jar
7fbcb760c000-7fbcb760d000 r--s 00006000 08:01 22938821                   /home/jose/spark-2.4.0-bin-hadoop2.7/jars/hadoop-client-2.7.3.jar
7fbcb760d000-7fbcb7611000 r--s 00015000 08:01 22938718                   /home/jose/spark-2.4.0-bin-hadoop2.7/jars/xz-1.5.jar
7fbcb7611000-7fbcb7613000 r--s 00001000 08:01 22938696                   /home/jose/spark-2.4.0-bin-hadoop2.7/jars/spark-tags_2.11-2.4.0-tests.jar
7fbcb7613000-7fbcb7614000 r--s 00002000 08:01 22938726                   /home/jose/spark-2.4.0-bin-hadoop2.7/jars/slf4j-log4j12-1.7.16.jar
7fbcb7614000-7fbcb7616000 r--s 00000000 08:01 22938793                   /home/jose/spark-2.4.0-bin-hadoop2.7/jars/jul-to-slf4j-1.7.16.jar
7fbcb7616000-7fbcb7619000 r--s 00015000 08:01 22938717                   /home/jose/spark-2.4.0-bin-hadoop2.7/jars/commons-pool-1.5.4.jar
7fbcb7619000-7fbcb7630000 r--s 00183000 08:01 22938661                   /home/jose/spark-2.4.0-bin-hadoop2.7/jars/hadoop-yarn-common-2.7.3.jar
7fbcb7630000-7fbcb7649000 r--s 00164000 08:01 22938762                   /home/jose/spark-2.4.0-bin-hadoop2.7/jars/hadoop-mapreduce-client-core-2.7.3.jar
7fbcb7649000-7fbcb764d000 r--s 00019000 08:01 22938760                   /home/jose/spark-2.4.0-bin-hadoop2.7/jars/javax.ws.rs-api-2.0.1.jar
7fbcb764d000-7fbcb7659000 r--s 00068000 08:01 22938708                   /home/jose/spark-2.4.0-bin-hadoop2.7/jars/scala-parser-combinators_2.11-1.1.0.jar
7fbcb7659000-7fbcb765a000 r--s 00009000 08:01 22938859                   /home/jose/spark-2.4.0-bin-hadoop2.7/jars/slf4j-api-1.7.16.jar
7fbcb765a000-7fbcb765c000 r--s 00003000 08:01 22938879                   /home/jose/spark-2.4.0-bin-hadoop2.7/jars/JavaEWAH-0.3.2.jar
7fbcb765c000-7fbcb765e000 r--s 0000b000 08:01 22938660                   /home/jose/spark-2.4.0-bin-hadoop2.7/jars/arrow-format-0.10.0.jar
7fbcb765e000-7fbcb765f000 r--s 00013000 08:01 22938785                   /home/jose/spark-2.4.0-bin-hadoop2.7/jars/okio-1.13.0.jar
7fbcb765f000-7fbcb7660000 r--s 00004000 08:01 22938700                   /home/jose/spark-2.4.0-bin-hadoop2.7/jars/jackson-jaxrs-1.9.13.jar
7fbcb7660000-7fbcb7662000 r--s 00238000 08:01 22938798                   /home/jose/spark-2.4.0-bin-hadoop2.7/jars/zstd-jni-1.3.2-2.jar
7fbcb7662000-7fbcb7672000 r--s 00133000 08:01 22938875                   /home/jose/spark-2.4.0-bin-hadoop2.7/jars/arrow-vector-0.10.0.jar
7fbcb7672000-7fbcb7674000 r--s 00020000 08:01 22938837                   /home/jose/spark-2.4.0-bin-hadoop2.7/jars/hive-beeline-1.2.1.spark2.jar
7fbcb7674000-7fbcb7677000 r--s 0001e000 08:01 22938829                   /home/jose/spark-2.4.0-bin-hadoop2.7/jars/aircompressor-0.10.jar
7fbcb7677000-7fbcb767c000 r--s 00027000 08:01 22938873                   /home/jose/spark-2.4.0-bin-hadoop2.7/jars/hk2-api-2.4.0-b34.jar
7fbcb767c000-7fbcb769d000 r--s 00177000 08:01 22938670                   /home/jose/spark-2.4.0-bin-hadoop2.7/jars/hppc-0.7.2.jar
7fbcb769d000-7fbcb769e000 r--s 00008000 08:01 22938810                   /home/jose/spark-2.4.0-bin-hadoop2.7/jars/machinist_2.11-0.6.1.jar
7fbcb769e000-7fbcb76a2000 r--s 00020000 08:01 22938749                   /home/jose/spark-2.4.0-bin-hadoop2.7/jars/commons-digester-1.8.jar
7fbcb76a2000-7fbcb76c7000 rw-p 00000000 00:00 0 
7fbcb76c7000-7fbcb77d4000 r--s 00dd7000 08:01 22938686                   /home/jose/spark-2.4.0-bin-hadoop2.7/jars/scala-compiler-2.11.12.jar
7fbcb77d4000-7fbcb77d5000 r--s 00004000 08:01 22938699                   /home/jose/spark-2.4.0-bin-hadoop2.7/jars/eigenbase-properties-1.1.5.jar
7fbcb77d5000-7fbcb77f2000 r--s 001d5000 08:01 22938766                   /home/jose/spark-2.4.0-bin-hadoop2.7/jars/hadoop-yarn-api-2.7.3.jar
7fbcb77f2000-7fbcb780a000 r--s 001b6000 08:01 22938742                   /home/jose/spark-2.4.0-bin-hadoop2.7/jars/datanucleus-core-3.2.10.jar
7fbcb780a000-7fbcb7816000 r--s 00077000 08:01 22938692                   /home/jose/spark-2.4.0-bin-hadoop2.7/jars/spark-kubernetes_2.11-2.4.0.jar
7fbcb7816000-7fbcb7845000 r--s 002e5000 08:01 22938845                   /home/jose/spark-2.4.0-bin-hadoop2.7/jars/derby-10.12.1.1.jar
7fbcb7845000-7fbcb78b0000 r--s 00784000 08:01 22938882                   /home/jose/spark-2.4.0-bin-hadoop2.7/jars/hadoop-hdfs-2.7.3.jar
7fbcb78b0000-7fbcb78b3000 r--s 00016000 08:01 22938675                   /home/jose/spark-2.4.0-bin-hadoop2.7/jars/jsp-api-2.1.jar
7fbcb78b3000-7fbcb78be000 r--s 000c5000 08:01 22938880                   /home/jose/spark-2.4.0-bin-hadoop2.7/jars/parquet-encoding-1.10.0.jar
7fbcb78be000-7fbcb78c0000 r--s 0000e000 08:01 22938848                   /home/jose/spark-2.4.0-bin-hadoop2.7/jars/commons-logging-1.1.3.jar
7fbcb78c0000-7fbcb78c2000 r--s 001eb000 08:01 22938709                   /home/jose/spark-2.4.0-bin-hadoop2.7/jars/snappy-java-1.1.7.1.jar
7fbcb78c2000-7fbcb78f6000 r--s 00277000 08:01 22938729                   /home/jose/spark-2.4.0-bin-hadoop2.7/jars/parquet-hadoop-bundle-1.6.0.jar
7fbcb78f6000-7fbcb78fc000 r--s 0005c000 08:01 22938694                   /home/jose/spark-2.4.0-bin-hadoop2.7/jars/okhttp-3.8.1.jar
7fbcb78fc000-7fbcb78fe000 r--s 00008000 08:01 22938789                   /home/jose/spark-2.4.0-bin-hadoop2.7/jars/commons-compiler-3.0.9.jar
7fbcb78fe000-7fbcb7914000 r--s 00124000 08:01 22938866                   /home/jose/spark-2.4.0-bin-hadoop2.7/jars/ivy-2.4.0.jar
7fbcb7914000-7fbcb791c000 r--s 0003b000 08:01 22938775                   /home/jose/spark-2.4.0-bin-hadoop2.7/jars/curator-recipes-2.7.1.jar
7fbcb791c000-7fbcb794c000 r--s 001e3000 08:01 22938725                   /home/jose/spark-2.4.0-bin-hadoop2.7/jars/spark-streaming_2.11-2.4.0.jar
7fbcb794c000-7fbcb7950000 r--s 00029000 08:01 22938850                   /home/jose/spark-2.4.0-bin-hadoop2.7/jars/spark-mllib-local_2.11-2.4.0.jar
7fbcb7950000-7fbcb795e000 r--s 0009d000 08:01 22938745                   /home/jose/spark-2.4.0-bin-hadoop2.7/jars/jersey-common-2.22.2.jar
7fbcb795e000-7fbcb7961000 r--s 0002f000 08:01 22938769                   /home/jose/spark-2.4.0-bin-hadoop2.7/jars/RoaringBitmap-0.5.11.jar
7fbcb7961000-7fbcb7962000 r--s 00006000 08:01 22938683                   /home/jose/spark-2.4.0-bin-hadoop2.7/jars/orc-shims-1.5.2.jar
7fbcb7962000-7fbcb7964000 r--s 00017000 08:01 22938665                   /home/jose/spark-2.4.0-bin-hadoop2.7/jars/hive-jdbc-1.2.1.spark2.jar
7fbcb7964000-7fbcb796f000 r--s 000b0000 08:01 22938751                   /home/jose/spark-2.4.0-bin-hadoop2.7/jars/jtransforms-2.4.0.jar
7fbcb796f000-7fbcb7972000 r--s 0001e000 08:01 22938681                   /home/jose/spark-2.4.0-bin-hadoop2.7/jars/avro-ipc-1.8.2.jar
7fbcb7972000-7fbcb799b000 r--s 001ee000 08:01 22938740                   /home/jose/spark-2.4.0-bin-hadoop2.7/jars/guava-14.0.1.jar
7fbcb799b000-7fbcb79a1000 r--s 00040000 08:01 22938790                   /home/jose/spark-2.4.0-bin-hadoop2.7/jars/parquet-hadoop-1.10.0.jar
7fbcb79a1000-7fbcb79ae000 r--s 000a0000 08:01 22938687                   /home/jose/spark-2.4.0-bin-hadoop2.7/jars/spark-graphx_2.11-2.4.0.jar
7fbcb79ae000-7fbcb79b2000 r--s 00029000 08:01 22938719                   /home/jose/spark-2.4.0-bin-hadoop2.7/jars/hk2-locator-2.4.0-b34.jar
7fbcb79b2000-7fbcb79b5000 r--s 00019000 08:01 22938669                   /home/jose/spark-2.4.0-bin-hadoop2.7/jars/bonecp-0.8.0.RELEASE.jar
7fbcb79b5000-7fbcb79bc000 r--s 00053000 08:01 22938841                   /home/jose/spark-2.4.0-bin-hadoop2.7/jars/commons-compress-1.8.1.jar
7fbcb79bc000-7fbcb79be000 r--s 00010000 08:01 22938680                   /home/jose/spark-2.4.0-bin-hadoop2.7/jars/hadoop-mapreduce-client-shuffle-2.7.3.jar
7fbcb79be000-7fbcb79c0000 r--s 00003000 08:01 22938735                   /home/jose/spark-2.4.0-bin-hadoop2.7/jars/jcl-over-slf4j-1.7.16.jar
7fbcb79c0000-7fbcb79c6000 r--s 0003c000 08:01 22938753                   /home/jose/spark-2.4.0-bin-hadoop2.7/jars/snakeyaml-1.15.jar
7fbcb79c6000-7fbcb79d3000 r--s 0009c000 08:01 22938856                   /home/jose/spark-2.4.0-bin-hadoop2.7/jars/json4s-core_2.11-3.5.3.jar
7fbcb79d3000-7fbcb7a01000 r--s 0021a000 08:01 22938838                   /home/jose/spark-2.4.0-bin-hadoop2.7/jars/spark-network-common_2.11-2.4.0.jar
7fbcb7a01000-7fbcb7a19000 r--s 000d6000 08:01 22938672                   /home/jose/spark-2.4.0-bin-hadoop2.7/jars/jersey-guava-2.22.2.jar
7fbcb7a19000-7fbcb7a32000 r--s 00150000 08:01 22938811                   /home/jose/spark-2.4.0-bin-hadoop2.7/jars/htrace-core-3.1.0-incubating.jar
7fbcb7a32000-7fbcb7a36000 r--s 0002a000 08:01 22938844                   /home/jose/spark-2.4.0-bin-hadoop2.7/jars/breeze-macros_2.11-0.13.2.jar
7fbcb7a36000-7fbcb7a3b000 r--s 0002a000 08:01 22938701                   /home/jose/spark-2.4.0-bin-hadoop2.7/jars/commons-beanutils-1.7.0.jar
7fbcb7a3b000-7fbcb7a3f000 r--s 00025000 08:01 22938807                   /home/jose/spark-2.4.0-bin-hadoop2.7/jars/jersey-client-2.22.2.jar
7fbcb7a3f000-7fbcb7a47000 r--s 0005b000 08:01 22938800                   /home/jose/spark-2.4.0-bin-hadoop2.7/jars/univocity-parsers-2.7.3.jar
7fbcb7a47000-7fbcb7a48000 r--s 00000000 08:01 22938679                   /home/jose/spark-2.4.0-bin-hadoop2.7/jars/javax.inject-1.jar
7fbcb7a48000-7fbcb7a4a000 r--s 0000d000 08:01 22938721                   /home/jose/spark-2.4.0-bin-hadoop2.7/jars/chill-java-0.9.3.jar
7fbcb7a4a000-7fbcb7a4c000 r--s 00006000 08:01 22938836                   /home/jose/spark-2.4.0-bin-hadoop2.7/jars/spark-sketch_2.11-2.4.0.jar
7fbcb7a4c000-7fbcb7a60000 r--s 0016d000 08:01 22938828                   /home/jose/spark-2.4.0-bin-hadoop2.7/jars/orc-core-1.5.2-nohive.jar
7fbcb7a60000-7fbcb7a78000 r--s 00115000 08:01 22938808                   /home/jose/spark-2.4.0-bin-hadoop2.7/jars/xercesImpl-2.9.1.jar
7fbcb7a78000-7fbcb7a7a000 r--s 00003000 08:01 22938767                   /home/jose/spark-2.4.0-bin-hadoop2.7/jars/api-asn1-api-1.0.0-M20.jar
7fbcb7a7a000-7fbcb7a7b000 r--s 00003000 08:01 22938812                   /home/jose/spark-2.4.0-bin-hadoop2.7/jars/jta-1.1.jar
7fbcb7a7b000-7fbcb7a9e000 rw-p 00000000 00:00 0 
7fbcb7a9e000-7fbcb7b76000 r--s 00d92000 08:01 22938728                   /home/jose/spark-2.4.0-bin-hadoop2.7/jars/breeze_2.11-0.13.2.jar
7fbcb7b76000-7fbcb7b79000 r--s 00006000 08:01 22938869                   /home/jose/spark-2.4.0-bin-hadoop2.7/jars/jsr305-1.3.9.jar
7fbcb7b79000-7fbcb7b7b000 r--s 00011000 08:01 22938820                   /home/jose/spark-2.4.0-bin-hadoop2.7/jars/spark-launcher_2.11-2.4.0.jar
7fbcb7b7b000-7fbcb7bde000 r--s 004de000 08:01 22938822                   /home/jose/spark-2.4.0-bin-hadoop2.7/jars/hive-metastore-1.2.1.spark2.jar
7fbcb7bde000-7fbcb7bf4000 r--s 001a4000 08:01 22938814                   /home/jose/spark-2.4.0-bin-hadoop2.7/jars/datanucleus-rdbms-3.2.9.jar
7fbcb7bf4000-7fbcb7bfc000 r--s 00059000 08:01 22938799                   /home/jose/spark-2.4.0-bin-hadoop2.7/jars/javolution-5.5.1.jar
7fbcb7bfc000-7fbcb7bfd000 ---p 00000000 00:00 0 
7fbcb7bfd000-7fbcb7cfd000 rw-p 00000000 00:00 0 
7fbcb7cfd000-7fbcb7d00000 ---p 00000000 00:00 0 
7fbcb7d00000-7fbcb7dfe000 rw-p 00000000 00:00 0 
7fbcb7dfe000-7fbcb7dff000 ---p 00000000 00:00 0 
7fbcb7dff000-7fbcb7e02000 ---p 00000000 00:00 0 
7fbcb7e02000-7fbcb7eff000 rw-p 00000000 00:00 0 
7fbcb7eff000-7fbcb7f00000 ---p 00000000 00:00 0 
7fbcb7f00000-7fbcb7f03000 ---p 00000000 00:00 0 
7fbcb7f03000-7fbcb8000000 rw-p 00000000 00:00 0 
7fbcb8000000-7fbcb8021000 rw-p 00000000 00:00 0 
7fbcb8021000-7fbcbc000000 ---p 00000000 00:00 0 
7fbcbc000000-7fbcbc022000 rw-p 00000000 00:00 0 
7fbcbc022000-7fbcc0000000 ---p 00000000 00:00 0 
7fbcc0000000-7fbcc008b000 rw-p 00000000 00:00 0 
7fbcc008b000-7fbcc4000000 ---p 00000000 00:00 0 
7fbcc4000000-7fbcc413a000 rw-p 00000000 00:00 0 
7fbcc413a000-7fbcc8000000 ---p 00000000 00:00 0 
7fbcc8000000-7fbcc8115000 rw-p 00000000 00:00 0 
7fbcc8115000-7fbccc000000 ---p 00000000 00:00 0 
7fbccc000000-7fbccc002000 r--s 00005000 08:01 22938777                   /home/jose/spark-2.4.0-bin-hadoop2.7/jars/javax.annotation-api-1.2.jar
7fbccc002000-7fbccc004000 r--s 00008000 08:01 22938671                   /home/jose/spark-2.4.0-bin-hadoop2.7/jars/metrics-jvm-3.1.5.jar
7fbccc004000-7fbccc00e000 r--s 0007b000 08:01 22938872                   /home/jose/spark-2.4.0-bin-hadoop2.7/jars/hadoop-mapreduce-client-app-2.7.3.jar
7fbccc00e000-7fbccc014000 r--s 00034000 08:01 22938720                   /home/jose/spark-2.4.0-bin-hadoop2.7/jars/libthrift-0.9.3.jar
7fbccc014000-7fbccc01b000 r--s 00046000 08:01 22938805                   /home/jose/spark-2.4.0-bin-hadoop2.7/jars/libfb303-0.9.3.jar
7fbccc01b000-7fbccc01c000 r--s 00000000 08:01 22938842                   /home/jose/spark-2.4.0-bin-hadoop2.7/jars/macro-compat_2.11-1.1.1.jar
7fbccc01c000-7fbccc01e000 r--s 0000e000 08:01 22938662                   /home/jose/spark-2.4.0-bin-hadoop2.7/jars/hadoop-mapreduce-client-jobclient-2.7.3.jar
7fbccc01e000-7fbccc089000 r--s 0093d000 08:01 22938824                   /home/jose/spark-2.4.0-bin-hadoop2.7/jars/spire_2.11-0.13.0.jar
7fbccc089000-7fbccc09a000 r--s 00096000 08:01 22938734                   /home/jose/spark-2.4.0-bin-hadoop2.7/jars/spark-mesos_2.11-2.4.0.jar
7fbccc09a000-7fbccc0b5000 r--s 001d6000 08:01 33689584                   /usr/lib/jvm/java-8-openjdk-amd64/jre/lib/ext/nashorn.jar
7fbccc0b5000-7fbccc0d0000 r--s 00394000 08:01 33689579                   /usr/lib/jvm/java-8-openjdk-amd64/jre/lib/ext/cldrdata.jar
7fbccc0d0000-7fbccc0d3000 ---p 00000000 00:00 0 
7fbccc0d3000-7fbccc1d1000 rw-p 00000000 00:00 0 
7fbccc1d1000-7fbcccfac000 r--p 00000000 08:01 33695351                   /usr/lib/locale/locale-archive
7fbcccfac000-7fbcccfaf000 ---p 00000000 00:00 0 
7fbcccfaf000-7fbccd0ad000 rw-p 00000000 00:00 0 
7fbccd0ad000-7fbccd0b0000 ---p 00000000 00:00 0 
7fbccd0b0000-7fbccd1ae000 rw-p 00000000 00:00 0 
7fbccd1ae000-7fbccd1af000 ---p 00000000 00:00 0 
7fbccd1af000-7fbccdc48000 rw-p 00000000 00:00 0 
7fbccdc48000-7fbccde17000 r--s 03c33000 08:01 33689605                   /usr/lib/jvm/java-8-openjdk-amd64/jre/lib/rt.jar
7fbccde17000-7fbcd08e8000 rw-p 00000000 00:00 0 
7fbcd08e8000-7fbcd08e9000 ---p 00000000 00:00 0 
7fbcd08e9000-7fbcd09e9000 rw-p 00000000 00:00 0 
7fbcd09e9000-7fbcd09ea000 ---p 00000000 00:00 0 
7fbcd09ea000-7fbcd0b19000 rw-p 00000000 00:00 0 
7fbcd0b19000-7fbcd0c40000 ---p 00000000 00:00 0 
7fbcd0c40000-7fbcd0caf000 rw-p 00000000 00:00 0 
7fbcd0caf000-7fbcd1000000 ---p 00000000 00:00 0 
7fbcd1000000-7fbcd2b90000 rwxp 00000000 00:00 0 
7fbcd2b90000-7fbce0000000 ---p 00000000 00:00 0 
7fbce0000000-7fbce11b1000 rw-p 00000000 00:00 0 
7fbce11b1000-7fbce4000000 ---p 00000000 00:00 0 
7fbce4000000-7fbce4001000 r--s 0000b000 08:01 22938868                   /home/jose/spark-2.4.0-bin-hadoop2.7/jars/snappy-0.2.jar
7fbce4001000-7fbce4005000 r--s 0003c000 08:01 22938825                   /home/jose/spark-2.4.0-bin-hadoop2.7/jars/jackson-core-2.6.7.jar
7fbce4005000-7fbce4008000 r--s 00028000 08:01 22938840                   /home/jose/spark-2.4.0-bin-hadoop2.7/jars/stream-2.7.0.jar
7fbce4008000-7fbce400a000 r--s 00001000 08:01 33689580                   /usr/lib/jvm/java-8-openjdk-amd64/jre/lib/ext/dnsns.jar
7fbce400a000-7fbce4014000 r--s 00116000 08:01 33689583                   /usr/lib/jvm/java-8-openjdk-amd64/jre/lib/ext/localedata.jar
7fbce4014000-7fbce40a0000 rw-p 00000000 00:00 0 
7fbce40a0000-7fbce41c6000 ---p 00000000 00:00 0 
7fbce41c6000-7fbce4271000 rw-p 00000000 00:00 0 
7fbce4271000-7fbce4272000 rw-p 00000000 00:00 0 
7fbce4272000-7fbce4275000 r--p 00000000 08:01 34870131                   /lib/x86_64-linux-gnu/libnss_files-2.28.so
7fbce4275000-7fbce427c000 r-xp 00003000 08:01 34870131                   /lib/x86_64-linux-gnu/libnss_files-2.28.so
7fbce427c000-7fbce427f000 r--p 0000a000 08:01 34870131                   /lib/x86_64-linux-gnu/libnss_files-2.28.so
7fbce427f000-7fbce4280000 r--p 0000c000 08:01 34870131                   /lib/x86_64-linux-gnu/libnss_files-2.28.so
7fbce4280000-7fbce4281000 rw-p 0000d000 08:01 34870131                   /lib/x86_64-linux-gnu/libnss_files-2.28.so
7fbce4281000-7fbce4287000 rw-p 00000000 00:00 0 
7fbce4287000-7fbce428a000 r--s 0000f000 08:01 33689581                   /usr/lib/jvm/java-8-openjdk-amd64/jre/lib/ext/icedtea-sound.jar
7fbce428a000-7fbce4290000 r--s 0003b000 08:01 33689586                   /usr/lib/jvm/java-8-openjdk-amd64/jre/lib/ext/sunjce_provider.jar
7fbce4290000-7fbce4293000 r--p 00000000 08:01 33689568                   /usr/lib/jvm/java-8-openjdk-amd64/jre/lib/amd64/libzip.so
7fbce4293000-7fbce4297000 r-xp 00003000 08:01 33689568                   /usr/lib/jvm/java-8-openjdk-amd64/jre/lib/amd64/libzip.so
7fbce4297000-7fbce4299000 r--p 00007000 08:01 33689568                   /usr/lib/jvm/java-8-openjdk-amd64/jre/lib/amd64/libzip.so
7fbce4299000-7fbce429a000 r--p 00008000 08:01 33689568                   /usr/lib/jvm/java-8-openjdk-amd64/jre/lib/amd64/libzip.so
7fbce429a000-7fbce429b000 rw-p 00009000 08:01 33689568                   /usr/lib/jvm/java-8-openjdk-amd64/jre/lib/amd64/libzip.so
7fbce429b000-7fbce42a3000 rw-s 00000000 08:01 27787538                   /tmp/hsperfdata_jose/4672
7fbce42a3000-7fbce42b0000 r--p 00000000 08:01 33689549                   /usr/lib/jvm/java-8-openjdk-amd64/jre/lib/amd64/libjava.so
7fbce42b0000-7fbce42ca000 r-xp 0000d000 08:01 33689549                   /usr/lib/jvm/java-8-openjdk-amd64/jre/lib/amd64/libjava.so
7fbce42ca000-7fbce42d1000 r--p 00027000 08:01 33689549                   /usr/lib/jvm/java-8-openjdk-amd64/jre/lib/amd64/libjava.so
7fbce42d1000-7fbce42d2000 r--p 0002d000 08:01 33689549                   /usr/lib/jvm/java-8-openjdk-amd64/jre/lib/amd64/libjava.so
7fbce42d2000-7fbce42d4000 rw-p 0002e000 08:01 33689549                   /usr/lib/jvm/java-8-openjdk-amd64/jre/lib/amd64/libjava.so
7fbce42d4000-7fbce42d6000 r--p 00000000 08:01 34870160                   /lib/x86_64-linux-gnu/librt-2.28.so
7fbce42d6000-7fbce42da000 r-xp 00002000 08:01 34870160                   /lib/x86_64-linux-gnu/librt-2.28.so
7fbce42da000-7fbce42dc000 r--p 00006000 08:01 34870160                   /lib/x86_64-linux-gnu/librt-2.28.so
7fbce42dc000-7fbce42dd000 r--p 00007000 08:01 34870160                   /lib/x86_64-linux-gnu/librt-2.28.so
7fbce42dd000-7fbce42de000 rw-p 00008000 08:01 34870160                   /lib/x86_64-linux-gnu/librt-2.28.so
7fbce42de000-7fbce42df000 ---p 00000000 00:00 0 
7fbce42df000-7fbce42e2000 ---p 00000000 00:00 0 
7fbce42e2000-7fbce43df000 rw-p 00000000 00:00 0 
7fbce43df000-7fbce43e2000 r--p 00000000 08:01 34870102                   /lib/x86_64-linux-gnu/libgcc_s.so.1
7fbce43e2000-7fbce43f3000 r-xp 00003000 08:01 34870102                   /lib/x86_64-linux-gnu/libgcc_s.so.1
7fbce43f3000-7fbce43f6000 r--p 00014000 08:01 34870102                   /lib/x86_64-linux-gnu/libgcc_s.so.1
7fbce43f6000-7fbce43f7000 ---p 00017000 08:01 34870102                   /lib/x86_64-linux-gnu/libgcc_s.so.1
7fbce43f7000-7fbce43f8000 r--p 00017000 08:01 34870102                   /lib/x86_64-linux-gnu/libgcc_s.so.1
7fbce43f8000-7fbce43f9000 rw-p 00018000 08:01 34870102                   /lib/x86_64-linux-gnu/libgcc_s.so.1
7fbce43f9000-7fbce4406000 r--p 00000000 08:01 34870117                   /lib/x86_64-linux-gnu/libm-2.28.so
7fbce4406000-7fbce44b1000 r-xp 0000d000 08:01 34870117                   /lib/x86_64-linux-gnu/libm-2.28.so
7fbce44b1000-7fbce4584000 r--p 000b8000 08:01 34870117                   /lib/x86_64-linux-gnu/libm-2.28.so
7fbce4584000-7fbce4585000 r--p 0018a000 08:01 34870117                   /lib/x86_64-linux-gnu/libm-2.28.so
7fbce4585000-7fbce4586000 rw-p 0018b000 08:01 34870117                   /lib/x86_64-linux-gnu/libm-2.28.so
7fbce4586000-7fbce460f000 r--p 00000000 08:01 33697832                   /usr/lib/x86_64-linux-gnu/libstdc++.so.6.0.25
7fbce460f000-7fbce46c2000 r-xp 00089000 08:01 33697832                   /usr/lib/x86_64-linux-gnu/libstdc++.so.6.0.25
7fbce46c2000-7fbce4700000 r--p 0013c000 08:01 33697832                   /usr/lib/x86_64-linux-gnu/libstdc++.so.6.0.25
7fbce4700000-7fbce470a000 r--p 00179000 08:01 33697832                   /usr/lib/x86_64-linux-gnu/libstdc++.so.6.0.25
7fbce470a000-7fbce470c000 rw-p 00183000 08:01 33697832                   /usr/lib/x86_64-linux-gnu/libstdc++.so.6.0.25
7fbce470c000-7fbce4710000 rw-p 00000000 00:00 0 
7fbce4710000-7fbce48ff000 r--p 00000000 08:01 33689570                   /usr/lib/jvm/java-8-openjdk-amd64/jre/lib/amd64/server/libjvm.so
7fbce48ff000-7fbce5148000 r-xp 001ef000 08:01 33689570                   /usr/lib/jvm/java-8-openjdk-amd64/jre/lib/amd64/server/libjvm.so
7fbce5148000-7fbce52e5000 r--p 00a38000 08:01 33689570                   /usr/lib/jvm/java-8-openjdk-amd64/jre/lib/amd64/server/libjvm.so
7fbce52e5000-7fbce5379000 r--p 00bd4000 08:01 33689570                   /usr/lib/jvm/java-8-openjdk-amd64/jre/lib/amd64/server/libjvm.so
7fbce5379000-7fbce53a2000 rw-p 00c68000 08:01 33689570                   /usr/lib/jvm/java-8-openjdk-amd64/jre/lib/amd64/server/libjvm.so
7fbce53a2000-7fbce53d4000 rw-p 00000000 00:00 0 
7fbce53d4000-7fbce53da000 r--p 00000000 08:01 34870156                   /lib/x86_64-linux-gnu/libpthread-2.28.so
7fbce53da000-7fbce53e9000 r-xp 00006000 08:01 34870156                   /lib/x86_64-linux-gnu/libpthread-2.28.so
7fbce53e9000-7fbce53ef000 r--p 00015000 08:01 34870156                   /lib/x86_64-linux-gnu/libpthread-2.28.so
7fbce53ef000-7fbce53f0000 r--p 0001a000 08:01 34870156                   /lib/x86_64-linux-gnu/libpthread-2.28.so
7fbce53f0000-7fbce53f1000 rw-p 0001b000 08:01 34870156                   /lib/x86_64-linux-gnu/libpthread-2.28.so
7fbce53f1000-7fbce53f5000 rw-p 00000000 00:00 0 
7fbce53f5000-7fbce53f6000 r--p 00000000 08:01 34870095                   /lib/x86_64-linux-gnu/libdl-2.28.so
7fbce53f6000-7fbce53f8000 r-xp 00001000 08:01 34870095                   /lib/x86_64-linux-gnu/libdl-2.28.so
7fbce53f8000-7fbce53f9000 r--p 00003000 08:01 34870095                   /lib/x86_64-linux-gnu/libdl-2.28.so
7fbce53f9000-7fbce53fa000 r--p 00003000 08:01 34870095                   /lib/x86_64-linux-gnu/libdl-2.28.so
7fbce53fa000-7fbce53fb000 rw-p 00004000 08:01 34870095                   /lib/x86_64-linux-gnu/libdl-2.28.so
7fbce53fb000-7fbce5417000 r-xp 00000000 08:01 34870176                   /lib/x86_64-linux-gnu/libz.so.1.2.11
7fbce5417000-7fbce5616000 ---p 0001c000 08:01 34870176                   /lib/x86_64-linux-gnu/libz.so.1.2.11
7fbce5616000-7fbce5617000 r--p 0001b000 08:01 34870176                   /lib/x86_64-linux-gnu/libz.so.1.2.11
7fbce5617000-7fbce5618000 rw-p 0001c000 08:01 34870176                   /lib/x86_64-linux-gnu/libz.so.1.2.11
7fbce5618000-7fbce563a000 r--p 00000000 08:01 34870085                   /lib/x86_64-linux-gnu/libc-2.28.so
7fbce563a000-7fbce57ab000 r-xp 00022000 08:01 34870085                   /lib/x86_64-linux-gnu/libc-2.28.so
7fbce57ab000-7fbce57f7000 r--p 00193000 08:01 34870085                   /lib/x86_64-linux-gnu/libc-2.28.so
7fbce57f7000-7fbce57f8000 ---p 001df000 08:01 34870085                   /lib/x86_64-linux-gnu/libc-2.28.so
7fbce57f8000-7fbce57fc000 r--p 001df000 08:01 34870085                   /lib/x86_64-linux-gnu/libc-2.28.so
7fbce57fc000-7fbce57fe000 rw-p 001e3000 08:01 34870085                   /lib/x86_64-linux-gnu/libc-2.28.so
7fbce57fe000-7fbce5802000 rw-p 00000000 00:00 0 
7fbce5802000-7fbce5803000 r--s 00010000 08:01 33689588                   /usr/lib/jvm/java-8-openjdk-amd64/jre/lib/ext/zipfs.jar
7fbce5803000-7fbce5806000 r--s 00038000 08:01 33689587                   /usr/lib/jvm/java-8-openjdk-amd64/jre/lib/ext/sunpkcs11.jar
7fbce5806000-7fbce5807000 r--s 0000a000 08:01 33689582                   /usr/lib/jvm/java-8-openjdk-amd64/jre/lib/ext/jaccess.jar
7fbce5807000-7fbce5809000 r--s 00008000 08:01 33689585                   /usr/lib/jvm/java-8-openjdk-amd64/jre/lib/ext/sunec.jar
7fbce5809000-7fbce580a000 rw-p 00000000 00:00 0 
7fbce580a000-7fbce580b000 r--p 00000000 00:00 0 
7fbce580b000-7fbce5810000 r--p 00000000 08:01 33689567                   /usr/lib/jvm/java-8-openjdk-amd64/jre/lib/amd64/libverify.so
7fbce5810000-7fbce5819000 r-xp 00005000 08:01 33689567                   /usr/lib/jvm/java-8-openjdk-amd64/jre/lib/amd64/libverify.so
7fbce5819000-7fbce581b000 r--p 0000e000 08:01 33689567                   /usr/lib/jvm/java-8-openjdk-amd64/jre/lib/amd64/libverify.so
7fbce581b000-7fbce581d000 r--p 0000f000 08:01 33689567                   /usr/lib/jvm/java-8-openjdk-amd64/jre/lib/amd64/libverify.so
7fbce581d000-7fbce581e000 rw-p 00011000 08:01 33689567                   /usr/lib/jvm/java-8-openjdk-amd64/jre/lib/amd64/libverify.so
7fbce581e000-7fbce5820000 r--p 00000000 08:01 33689535                   /usr/lib/jvm/java-8-openjdk-amd64/jre/lib/amd64/jli/libjli.so
7fbce5820000-7fbce5829000 r-xp 00002000 08:01 33689535                   /usr/lib/jvm/java-8-openjdk-amd64/jre/lib/amd64/jli/libjli.so
7fbce5829000-7fbce582c000 r--p 0000b000 08:01 33689535                   /usr/lib/jvm/java-8-openjdk-amd64/jre/lib/amd64/jli/libjli.so
7fbce582c000-7fbce582d000 r--p 0000d000 08:01 33689535                   /usr/lib/jvm/java-8-openjdk-amd64/jre/lib/amd64/jli/libjli.so
7fbce582d000-7fbce582e000 rw-p 0000e000 08:01 33689535                   /usr/lib/jvm/java-8-openjdk-amd64/jre/lib/amd64/jli/libjli.so
7fbce582e000-7fbce5830000 rw-p 00000000 00:00 0 
7fbce5830000-7fbce5831000 r--p 00000000 08:01 34870073                   /lib/x86_64-linux-gnu/ld-2.28.so
7fbce5831000-7fbce5851000 r-xp 00001000 08:01 34870073                   /lib/x86_64-linux-gnu/ld-2.28.so
7fbce5851000-7fbce5859000 r--p 00021000 08:01 34870073                   /lib/x86_64-linux-gnu/ld-2.28.so
7fbce5859000-7fbce585a000 r--p 00028000 08:01 34870073                   /lib/x86_64-linux-gnu/ld-2.28.so
7fbce585a000-7fbce585b000 rw-p 00029000 08:01 34870073                   /lib/x86_64-linux-gnu/ld-2.28.so
7fbce585b000-7fbce585c000 rw-p 00000000 00:00 0 
7ffcc2199000-7ffcc21ba000 rw-p 00000000 00:00 0                          [stack]
7ffcc21e3000-7ffcc21e6000 r--p 00000000 00:00 0                          [vvar]
7ffcc21e6000-7ffcc21e8000 r-xp 00000000 00:00 0                          [vdso]
ffffffffff600000-ffffffffff601000 r-xp 00000000 00:00 0                  [vsyscall]

VM Arguments:
jvm_args: -Xmx1g 
java_command: org.apache.spark.deploy.SparkSubmit --name PySparkShell pyspark-shell
java_class_path (initial): /home/jose/spark/conf/:/home/jose/spark/jars/spark-mesos_2.11-2.4.0.jar:/home/jose/spark/jars/stream-2.7.0.jar:/home/jose/spark/jars/jackson-core-2.6.7.jar:/home/jose/spark/jars/spire_2.11-0.13.0.jar:/home/jose/spark/jars/hadoop-mapreduce-client-jobclient-2.7.3.jar:/home/jose/spark/jars/snappy-0.2.jar:/home/jose/spark/jars/macro-compat_2.11-1.1.1.jar:/home/jose/spark/jars/libfb303-0.9.3.jar:/home/jose/spark/jars/libthrift-0.9.3.jar:/home/jose/spark/jars/hadoop-mapreduce-client-app-2.7.3.jar:/home/jose/spark/jars/javolution-5.5.1.jar:/home/jose/spark/jars/datanucleus-rdbms-3.2.9.jar:/home/jose/spark/jars/hive-metastore-1.2.1.spark2.jar:/home/jose/spark/jars/metrics-jvm-3.1.5.jar:/home/jose/spark/jars/javax.annotation-api-1.2.jar:/home/jose/spark/jars/spark-launcher_2.11-2.4.0.jar:/home/jose/spark/jars/jsr305-1.3.9.jar:/home/jose/spark/jars/breeze_2.11-0.13.2.jar:/home/jose/spark/jars/jta-1.1.jar:/home/jose/spark/jars/api-asn1-api-1.0.0-M20.jar:/home/jose/spark/jars/xercesImpl-2.9.1.jar:/home/jose/spark/jars/orc-core-1.5.2-nohive.jar:/home/jose/spark/jars/spark-sketch_2.11-2.4.0.jar:/home/jose/spark/jars/chill-java-0.9.3.jar:/home/jose/spark/jars/javax.inject-1.jar:/home/jose/spark/jars/univocity-parsers-2.7.3.jar:/home/jose/spark/jars/jersey-client-2.22.2.jar:/home/jose/spark/jars/commons-beanutils-1.7.0.jar:/home/jose/spark/jars/breeze-macros_2.11-0.13.2.jar:/home/jose/spark/jars/htrace-core-3.1.0-incubating.jar:/home/jose/spark/jars/jersey-guava-2.22.2.jar:/home/jose/spark/jars/spark-network-common_2.11-2.4.0.jar:/home/jose/spark/jars/json4s-core_2.11-3.5.3.jar:/home/jose/spark/jars/snakeyaml-1.15.jar:/home/jose/spark/jars/jcl-over-slf4j-1.7.16.jar:/home/jose/spark/jars/hadoop-mapreduce-client-shuffle-2.7.3.jar:/home/jose/spark/jars/commons-compress-1.8.1.jar:/home/jose/spark/jars/bonecp-0.8.0.RELEASE.jar:/home/jose/spark/jars/hk2-locator-2.4.0-b34.jar:/home/jose/spark/jars/spark-graphx_2.11-2.4.0.jar:/home/jose/spark/jars/parquet-hadoo
Launcher Type: SUN_STANDARD

Environment Variables:
JAVA_HOME=/usr/lib/jvm/java-8-openjdk-amd64
JRE_HOME=/usr/lib/jvm/java-8-openjdk-amd64/jre
PATH=/home/jose/anaconda3/bin:/home/jose/spark/bin:/home/jose/anaconda3/bin:/home/jose/.nvm/versions/node/v8.15.0/bin:/sbin:/bin:/usr/bin:/usr/local/bin:/snap/bin:/home/jose/.local/bin:/usr/lib/jvm/java-8-openjdk-amd64/bin:/usr/lib/jvm/java-8-openjdk-amd64/jre/bin
SHELL=/bin/bash
DISPLAY=:10.0

Signal Handlers:
SIGSEGV: [libjvm.so+0xa17e60], sa_mask[0]=11111111011111111101111111111110, sa_flags=SA_RESTART|SA_SIGINFO
SIGBUS: [libjvm.so+0xa17e60], sa_mask[0]=11111111011111111101111111111110, sa_flags=SA_RESTART|SA_SIGINFO
SIGFPE: [libjvm.so+0x878cb0], sa_mask[0]=11111111011111111101111111111110, sa_flags=SA_RESTART|SA_SIGINFO
SIGPIPE: [libjvm.so+0x878cb0], sa_mask[0]=11111111011111111101111111111110, sa_flags=SA_RESTART|SA_SIGINFO
SIGXFSZ: [libjvm.so+0x878cb0], sa_mask[0]=11111111011111111101111111111110, sa_flags=SA_RESTART|SA_SIGINFO
SIGILL: [libjvm.so+0x878cb0], sa_mask[0]=11111111011111111101111111111110, sa_flags=SA_RESTART|SA_SIGINFO
SIGUSR1: SIG_DFL, sa_mask[0]=00000000000000000000000000000000, sa_flags=none
SIGUSR2: [libjvm.so+0x878b50], sa_mask[0]=00000000000000000000000000000000, sa_flags=SA_RESTART|SA_SIGINFO
SIGHUP: [libjvm.so+0x878f30], sa_mask[0]=11111111011111111101111111111110, sa_flags=SA_RESTART|SA_SIGINFO
SIGINT: SIG_IGN, sa_mask[0]=00000000000000000000000000000000, sa_flags=none
SIGTERM: [libjvm.so+0x878f30], sa_mask[0]=11111111011111111101111111111110, sa_flags=SA_RESTART|SA_SIGINFO
SIGQUIT: [libjvm.so+0x878f30], sa_mask[0]=11111111011111111101111111111110, sa_flags=SA_RESTART|SA_SIGINFO


---------------  S Y S T E M  ---------------

OS:DISTRIB_ID=Ubuntu
DISTRIB_RELEASE=18.10
DISTRIB_CODENAME=cosmic
DISTRIB_DESCRIPTION="Ubuntu 18.10"

uname:Linux 4.18.0-16-generic #17-Ubuntu SMP Fri Feb 8 00:06:57 UTC 2019 x86_64
libc:glibc 2.28 NPTL 2.28 
rlimit: STACK 8192k, CORE 0k, NPROC 10479, NOFILE 4096, AS infinity
load average:0,61 0,40 0,44

/proc/meminfo:
MemTotal:        2748956 kB
MemFree:          122656 kB
MemAvailable:     744156 kB
Buffers:           84716 kB
Cached:           744228 kB
SwapCached:            0 kB
Active:          1973796 kB
Inactive:         423012 kB
Active(anon):    1569232 kB
Inactive(anon):    47072 kB
Active(file):     404564 kB
Inactive(file):   375940 kB
Unevictable:          64 kB
Mlocked:              64 kB
SwapTotal:             0 kB
SwapFree:              0 kB
Dirty:               212 kB
Writeback:             0 kB
AnonPages:       1568036 kB
Mapped:           483792 kB
Shmem:             48440 kB
Slab:             143188 kB
SReclaimable:      75448 kB
SUnreclaim:        67740 kB
KernelStack:        9328 kB
PageTables:        21784 kB
NFS_Unstable:          0 kB
Bounce:                0 kB
WritebackTmp:          0 kB
CommitLimit:     1374476 kB
Committed_AS:    4530684 kB
VmallocTotal:   34359738367 kB
VmallocUsed:           0 kB
VmallocChunk:          0 kB
HardwareCorrupted:     0 kB
AnonHugePages:         0 kB
ShmemHugePages:        0 kB
ShmemPmdMapped:        0 kB
CmaTotal:              0 kB
CmaFree:               0 kB
HugePages_Total:       0
HugePages_Free:        0
HugePages_Rsvd:        0
HugePages_Surp:        0
Hugepagesize:       2048 kB
Hugetlb:               0 kB
DirectMap4k:      177792 kB
DirectMap2M:     2705408 kB

container (cgroup) information:
container_type: cgroupv1
cpu_cpuset_cpus: 0-1
cpu_memory_nodes: 0
active_processor_count: 2
cpu_quota: -1
cpu_period: 100000
cpu_shares: -1
memory_limit_in_bytes: -1
memory_and_swap_limit_in_bytes: -2
memory_soft_limit_in_bytes: -1
memory_usage_in_bytes: 1698959360
memory_max_usage_in_bytes: 1724772352


CPU:total 2 (initial active 2) (2 cores per cpu, 1 threads per core) family 6 model 23 stepping 10, cmov, cx8, fxsr, mmx, sse, sse2, sse3, ssse3, tsc

/proc/cpuinfo:
processor	: 0
vendor_id	: GenuineIntel
cpu family	: 6
model		: 23
model name	: Intel(R) Celeron(R) CPU        E3200  @ 2.40GHz
stepping	: 10
microcode	: 0xa0b
cpu MHz		: 2400.138
cache size	: 1024 KB
physical id	: 0
siblings	: 2
core id		: 0
cpu cores	: 2
apicid		: 0
initial apicid	: 0
fpu		: yes
fpu_exception	: yes
cpuid level	: 13
wp		: yes
flags		: fpu vme de pse tsc msr pae mce cx8 apic sep mtrr pge mca cmov pat pse36 clflush dts acpi mmx fxsr sse sse2 ss ht tm pbe syscall nx lm constant_tsc arch_perfmon pebs bts rep_good nopl cpuid aperfmperf pni dtes64 monitor ds_cpl vmx est tm2 ssse3 cx16 xtpr pdcm xsave lahf_lm pti tpr_shadow vnmi flexpriority dtherm
bugs		: cpu_meltdown spectre_v1 spectre_v2 spec_store_bypass l1tf
bogomips	: 4800.27
clflush size	: 64
cache_alignment	: 64
address sizes	: 36 bits physical, 48 bits virtual
power management:

processor	: 1
vendor_id	: GenuineIntel
cpu family	: 6
model		: 23
model name	: Intel(R) Celeron(R) CPU        E3200  @ 2.40GHz
stepping	: 10
microcode	: 0xa0b
cpu MHz		: 2400.139
cache size	: 1024 KB
physical id	: 0
siblings	: 2
core id		: 1
cpu cores	: 2
apicid		: 1
initial apicid	: 1
fpu		: yes
fpu_exception	: yes
cpuid level	: 13
wp		: yes
flags		: fpu vme de pse tsc msr pae mce cx8 apic sep mtrr pge mca cmov pat pse36 clflush dts acpi mmx fxsr sse sse2 ss ht tm pbe syscall nx lm constant_tsc arch_perfmon pebs bts rep_good nopl cpuid aperfmperf pni dtes64 monitor ds_cpl vmx est tm2 ssse3 cx16 xtpr pdcm xsave lahf_lm pti tpr_shadow vnmi flexpriority dtherm
bugs		: cpu_meltdown spectre_v1 spectre_v2 spec_store_bypass l1tf
bogomips	: 4800.27
clflush size	: 64
cache_alignment	: 64
address sizes	: 36 bits physical, 48 bits virtual
power management:



Memory: 4k page, physical 2748956k(122656k free), swap 0k(0k free)

vm_info: OpenJDK 64-Bit Server VM (25.191-b12) for linux-amd64 JRE (1.8.0_191-8u191-b12-2ubuntu0.18.10.1-b12), built on Jan 14 2019 21:02:00 by "buildd" with gcc 8.2.0

time: Mon Mar 25 16:05:35 2019
elapsed time: 1799 seconds (0d 0h 29m 59s)

